{"/Users/lucas/Projects/perso/account-v2/functions/src/app.controller.ts": {"path":"/Users/lucas/Projects/perso/account-v2/functions/src/app.controller.ts","statementMap":{"0":{"start":{"line":1,"column":0},"end":{"line":1,"column":49}},"1":{"start":{"line":2,"column":0},"end":{"line":2,"column":43}},"2":{"start":{"line":21,"column":7},"end":{"line":48,"column":null}},"3":{"start":{"line":22,"column":31},"end":{"line":22,"column":43}},"4":{"start":{"line":30,"column":4},"end":{"line":33,"column":6}},"5":{"start":{"line":42,"column":4},"end":{"line":46,"column":6}},"6":{"start":{"line":21,"column":13},"end":{"line":21,"column":26}},"7":{"start":{"line":29,"column":2},"end":{"line":34,"column":null}},"8":{"start":{"line":41,"column":2},"end":{"line":47,"column":null}},"9":{"start":{"line":21,"column":13},"end":{"line":48,"column":null}}},"fnMap":{"0":{"name":"(anonymous_2)","decl":{"start":{"line":22,"column":2},"end":{"line":22,"column":31}},"loc":{"start":{"line":22,"column":53},"end":{"line":22,"column":57}}},"1":{"name":"(anonymous_3)","decl":{"start":{"line":29,"column":2},"end":{"line":29,"column":11}},"loc":{"start":{"line":29,"column":11},"end":{"line":34,"column":3}}},"2":{"name":"(anonymous_4)","decl":{"start":{"line":41,"column":2},"end":{"line":41,"column":9}},"loc":{"start":{"line":41,"column":9},"end":{"line":47,"column":3}}}},"branchMap":{},"s":{"0":0,"1":0,"2":0,"3":0,"4":0,"5":0,"6":0,"7":0,"8":0,"9":0},"f":{"0":0,"1":0,"2":0},"b":{}}
,"/Users/lucas/Projects/perso/account-v2/functions/src/app.module.ts": {"path":"/Users/lucas/Projects/perso/account-v2/functions/src/app.module.ts","statementMap":{"0":{"start":{"line":1,"column":0},"end":{"line":1,"column":56}},"1":{"start":{"line":2,"column":0},"end":{"line":2,"column":46}},"2":{"start":{"line":3,"column":0},"end":{"line":3,"column":40}},"3":{"start":{"line":4,"column":0},"end":{"line":4,"column":29}},"4":{"start":{"line":5,"column":0},"end":{"line":5,"column":49}},"5":{"start":{"line":6,"column":0},"end":{"line":6,"column":43}},"6":{"start":{"line":7,"column":0},"end":{"line":7,"column":48}},"7":{"start":{"line":8,"column":0},"end":{"line":8,"column":54}},"8":{"start":{"line":9,"column":0},"end":{"line":9,"column":60}},"9":{"start":{"line":10,"column":0},"end":{"line":10,"column":57}},"10":{"start":{"line":11,"column":0},"end":{"line":11,"column":57}},"11":{"start":{"line":12,"column":0},"end":{"line":12,"column":72}},"12":{"start":{"line":13,"column":0},"end":{"line":13,"column":60}},"13":{"start":{"line":14,"column":0},"end":{"line":14,"column":66}},"14":{"start":{"line":15,"column":0},"end":{"line":15,"column":80}},"15":{"start":{"line":16,"column":0},"end":{"line":16,"column":48}},"16":{"start":{"line":55,"column":7},"end":{"line":55,"column":null}},"17":{"start":{"line":55,"column":13},"end":{"line":55,"column":22}},"18":{"start":{"line":55,"column":13},"end":{"line":55,"column":null}}},"fnMap":{},"branchMap":{},"s":{"0":0,"1":0,"2":0,"3":0,"4":0,"5":0,"6":0,"7":0,"8":0,"9":0,"10":0,"11":0,"12":0,"13":0,"14":0,"15":0,"16":0,"17":0,"18":0},"f":{},"b":{}}
,"/Users/lucas/Projects/perso/account-v2/functions/src/app.service.ts": {"path":"/Users/lucas/Projects/perso/account-v2/functions/src/app.service.ts","statementMap":{"0":{"start":{"line":1,"column":0},"end":{"line":1,"column":52}},"1":{"start":{"line":8,"column":23},"end":{"line":43,"column":null}},"2":{"start":{"line":9,"column":19},"end":{"line":9,"column":56}},"3":{"start":{"line":16,"column":4},"end":{"line":16,"column":46}},"4":{"start":{"line":17,"column":4},"end":{"line":17,"column":28}},"5":{"start":{"line":25,"column":4},"end":{"line":25,"column":19}},"6":{"start":{"line":33,"column":4},"end":{"line":33,"column":49}},"7":{"start":{"line":41,"column":4},"end":{"line":41,"column":47}},"8":{"start":{"line":8,"column":13},"end":{"line":8,"column":23}},"9":{"start":{"line":8,"column":13},"end":{"line":43,"column":null}}},"fnMap":{"0":{"name":"(anonymous_1)","decl":{"start":{"line":8,"column":7},"end":{"line":8,"column":13}},"loc":{"start":{"line":8,"column":7},"end":{"line":43,"column":1}}},"1":{"name":"(anonymous_2)","decl":{"start":{"line":15,"column":2},"end":{"line":15,"column":11}},"loc":{"start":{"line":15,"column":11},"end":{"line":18,"column":3}}},"2":{"name":"(anonymous_3)","decl":{"start":{"line":24,"column":2},"end":{"line":24,"column":12}},"loc":{"start":{"line":24,"column":12},"end":{"line":26,"column":3}}},"3":{"name":"(anonymous_4)","decl":{"start":{"line":32,"column":2},"end":{"line":32,"column":16}},"loc":{"start":{"line":32,"column":16},"end":{"line":34,"column":3}}},"4":{"name":"(anonymous_5)","decl":{"start":{"line":40,"column":2},"end":{"line":40,"column":11}},"loc":{"start":{"line":40,"column":11},"end":{"line":42,"column":3}}}},"branchMap":{"0":{"loc":{"start":{"line":33,"column":11},"end":{"line":33,"column":48}},"type":"binary-expr","locations":[{"start":{"line":33,"column":11},"end":{"line":33,"column":31}},{"start":{"line":33,"column":35},"end":{"line":33,"column":48}}]}},"s":{"0":0,"1":0,"2":0,"3":0,"4":0,"5":0,"6":0,"7":0,"8":0,"9":0},"f":{"0":0,"1":0,"2":0,"3":0,"4":0},"b":{"0":[0,0]}}
,"/Users/lucas/Projects/perso/account-v2/functions/src/accounts/accounts.controller.ts": {"path":"/Users/lucas/Projects/perso/account-v2/functions/src/accounts/accounts.controller.ts","statementMap":{"0":{"start":{"line":1,"column":0},"end":{"line":1,"column":null}},"1":{"start":{"line":13,"column":0},"end":{"line":13,"column":53}},"2":{"start":{"line":14,"column":0},"end":{"line":14,"column":60}},"3":{"start":{"line":15,"column":0},"end":{"line":15,"column":60}},"4":{"start":{"line":16,"column":0},"end":{"line":16,"column":71}},"5":{"start":{"line":20,"column":7},"end":{"line":51,"column":null}},"6":{"start":{"line":21,"column":31},"end":{"line":21,"column":48}},"7":{"start":{"line":25,"column":4},"end":{"line":25,"column":65}},"8":{"start":{"line":30,"column":4},"end":{"line":30,"column":58}},"9":{"start":{"line":35,"column":4},"end":{"line":35,"column":71}},"10":{"start":{"line":44,"column":4},"end":{"line":44,"column":75}},"11":{"start":{"line":49,"column":4},"end":{"line":49,"column":57}},"12":{"start":{"line":20,"column":13},"end":{"line":20,"column":31}},"13":{"start":{"line":24,"column":8},"end":{"line":26,"column":null}},"14":{"start":{"line":29,"column":8},"end":{"line":31,"column":null}},"15":{"start":{"line":34,"column":8},"end":{"line":36,"column":null}},"16":{"start":{"line":39,"column":8},"end":{"line":45,"column":null}},"17":{"start":{"line":48,"column":8},"end":{"line":50,"column":null}},"18":{"start":{"line":20,"column":13},"end":{"line":51,"column":null}}},"fnMap":{"0":{"name":"(anonymous_4)","decl":{"start":{"line":21,"column":2},"end":{"line":21,"column":31}},"loc":{"start":{"line":21,"column":63},"end":{"line":21,"column":67}}},"1":{"name":"(anonymous_5)","decl":{"start":{"line":24,"column":8},"end":{"line":24,"column":15}},"loc":{"start":{"line":24,"column":72},"end":{"line":26,"column":3}}},"2":{"name":"(anonymous_6)","decl":{"start":{"line":29,"column":8},"end":{"line":29,"column":15}},"loc":{"start":{"line":29,"column":56},"end":{"line":31,"column":3}}},"3":{"name":"(anonymous_7)","decl":{"start":{"line":34,"column":8},"end":{"line":34,"column":14}},"loc":{"start":{"line":34,"column":74},"end":{"line":36,"column":3}}},"4":{"name":"(anonymous_8)","decl":{"start":{"line":39,"column":8},"end":{"line":39,"column":14}},"loc":{"start":{"line":42,"column":46},"end":{"line":45,"column":3}}},"5":{"name":"(anonymous_9)","decl":{"start":{"line":48,"column":8},"end":{"line":48,"column":14}},"loc":{"start":{"line":48,"column":55},"end":{"line":50,"column":3}}}},"branchMap":{},"s":{"0":1,"1":1,"2":1,"3":1,"4":1,"5":1,"6":7,"7":2,"8":1,"9":1,"10":1,"11":1,"12":1,"13":1,"14":1,"15":1,"16":1,"17":1,"18":1},"f":{"0":7,"1":2,"2":1,"3":1,"4":1,"5":1},"b":{}}
,"/Users/lucas/Projects/perso/account-v2/functions/src/accounts/accounts.module.ts": {"path":"/Users/lucas/Projects/perso/account-v2/functions/src/accounts/accounts.module.ts","statementMap":{"0":{"start":{"line":1,"column":0},"end":{"line":1,"column":40}},"1":{"start":{"line":2,"column":0},"end":{"line":2,"column":59}},"2":{"start":{"line":3,"column":0},"end":{"line":3,"column":53}},"3":{"start":{"line":4,"column":0},"end":{"line":4,"column":63}},"4":{"start":{"line":11,"column":7},"end":{"line":11,"column":null}},"5":{"start":{"line":11,"column":13},"end":{"line":11,"column":27}},"6":{"start":{"line":11,"column":13},"end":{"line":11,"column":null}}},"fnMap":{},"branchMap":{},"s":{"0":0,"1":0,"2":0,"3":0,"4":0,"5":0,"6":0},"f":{},"b":{}}
,"/Users/lucas/Projects/perso/account-v2/functions/src/accounts/accounts.service.ts": {"path":"/Users/lucas/Projects/perso/account-v2/functions/src/accounts/accounts.service.ts","statementMap":{"0":{"start":{"line":1,"column":0},"end":{"line":1,"column":44}},"1":{"start":{"line":2,"column":0},"end":{"line":2,"column":53}},"2":{"start":{"line":5,"column":0},"end":{"line":5,"column":63}},"3":{"start":{"line":19,"column":7},"end":{"line":187,"column":null}},"4":{"start":{"line":21,"column":4},"end":{"line":21,"column":46}},"5":{"start":{"line":25,"column":4},"end":{"line":54,"column":5}},"6":{"start":{"line":26,"column":18},"end":{"line":31,"column":50}},"7":{"start":{"line":33,"column":6},"end":{"line":35,"column":7}},"8":{"start":{"line":34,"column":8},"end":{"line":34,"column":42}},"9":{"start":{"line":37,"column":30},"end":{"line":37,"column":41}},"10":{"start":{"line":39,"column":6},"end":{"line":45,"column":7}},"11":{"start":{"line":40,"column":8},"end":{"line":44,"column":11}},"12":{"start":{"line":47,"column":6},"end":{"line":47,"column":24}},"13":{"start":{"line":49,"column":6},"end":{"line":53,"column":9}},"14":{"start":{"line":58,"column":4},"end":{"line":82,"column":5}},"15":{"start":{"line":59,"column":30},"end":{"line":65,"column":17}},"16":{"start":{"line":67,"column":6},"end":{"line":73,"column":7}},"17":{"start":{"line":68,"column":8},"end":{"line":72,"column":11}},"18":{"start":{"line":75,"column":6},"end":{"line":75,"column":18}},"19":{"start":{"line":77,"column":6},"end":{"line":81,"column":9}},"20":{"start":{"line":86,"column":4},"end":{"line":120,"column":5}},"21":{"start":{"line":87,"column":30},"end":{"line":97,"column":17}},"22":{"start":{"line":99,"column":6},"end":{"line":105,"column":7}},"23":{"start":{"line":100,"column":8},"end":{"line":104,"column":11}},"24":{"start":{"line":107,"column":6},"end":{"line":111,"column":9}},"25":{"start":{"line":113,"column":6},"end":{"line":113,"column":18}},"26":{"start":{"line":115,"column":6},"end":{"line":119,"column":9}},"27":{"start":{"line":124,"column":4},"end":{"line":158,"column":5}},"28":{"start":{"line":125,"column":30},"end":{"line":135,"column":17}},"29":{"start":{"line":137,"column":6},"end":{"line":143,"column":7}},"30":{"start":{"line":138,"column":8},"end":{"line":142,"column":11}},"31":{"start":{"line":145,"column":6},"end":{"line":149,"column":9}},"32":{"start":{"line":151,"column":6},"end":{"line":151,"column":18}},"33":{"start":{"line":153,"column":6},"end":{"line":157,"column":9}},"34":{"start":{"line":162,"column":4},"end":{"line":185,"column":5}},"35":{"start":{"line":163,"column":24},"end":{"line":168,"column":31}},"36":{"start":{"line":170,"column":6},"end":{"line":176,"column":7}},"37":{"start":{"line":171,"column":8},"end":{"line":175,"column":11}},"38":{"start":{"line":178,"column":6},"end":{"line":178,"column":78}},"39":{"start":{"line":180,"column":6},"end":{"line":184,"column":9}},"40":{"start":{"line":19,"column":13},"end":{"line":19,"column":28}},"41":{"start":{"line":19,"column":13},"end":{"line":187,"column":null}}},"fnMap":{"0":{"name":"(anonymous_2)","decl":{"start":{"line":20,"column":2},"end":{"line":20,"column":14}},"loc":{"start":{"line":20,"column":46},"end":{"line":22,"column":3}}},"1":{"name":"(anonymous_3)","decl":{"start":{"line":24,"column":2},"end":{"line":24,"column":7}},"loc":{"start":{"line":24,"column":50},"end":{"line":55,"column":3}}},"2":{"name":"(anonymous_4)","decl":{"start":{"line":57,"column":2},"end":{"line":57,"column":7}},"loc":{"start":{"line":57,"column":42},"end":{"line":83,"column":3}}},"3":{"name":"(anonymous_5)","decl":{"start":{"line":85,"column":2},"end":{"line":85,"column":7}},"loc":{"start":{"line":85,"column":65},"end":{"line":121,"column":3}}},"4":{"name":"(anonymous_6)","decl":{"start":{"line":123,"column":2},"end":{"line":123,"column":7}},"loc":{"start":{"line":123,"column":77},"end":{"line":159,"column":3}}},"5":{"name":"(anonymous_7)","decl":{"start":{"line":161,"column":2},"end":{"line":161,"column":7}},"loc":{"start":{"line":161,"column":41},"end":{"line":186,"column":3}}}},"branchMap":{"0":{"loc":{"start":{"line":33,"column":6},"end":{"line":35,"column":7}},"type":"if","locations":[{"start":{"line":33,"column":6},"end":{"line":35,"column":7}},{"start":{},"end":{}}]},"1":{"loc":{"start":{"line":39,"column":6},"end":{"line":45,"column":7}},"type":"if","locations":[{"start":{"line":39,"column":6},"end":{"line":45,"column":7}},{"start":{},"end":{}}]},"2":{"loc":{"start":{"line":47,"column":13},"end":{"line":47,"column":23}},"type":"binary-expr","locations":[{"start":{"line":47,"column":13},"end":{"line":47,"column":17}},{"start":{"line":47,"column":21},"end":{"line":47,"column":23}}]},"3":{"loc":{"start":{"line":67,"column":6},"end":{"line":73,"column":7}},"type":"if","locations":[{"start":{"line":67,"column":6},"end":{"line":73,"column":7}},{"start":{},"end":{}}]},"4":{"loc":{"start":{"line":99,"column":6},"end":{"line":105,"column":7}},"type":"if","locations":[{"start":{"line":99,"column":6},"end":{"line":105,"column":7}},{"start":{},"end":{}}]},"5":{"loc":{"start":{"line":137,"column":6},"end":{"line":143,"column":7}},"type":"if","locations":[{"start":{"line":137,"column":6},"end":{"line":143,"column":7}},{"start":{},"end":{}}]},"6":{"loc":{"start":{"line":170,"column":6},"end":{"line":176,"column":7}},"type":"if","locations":[{"start":{"line":170,"column":6},"end":{"line":176,"column":7}},{"start":{},"end":{}}]}},"s":{"0":1,"1":1,"2":1,"3":1,"4":0,"5":0,"6":0,"7":0,"8":0,"9":0,"10":0,"11":0,"12":0,"13":0,"14":0,"15":0,"16":0,"17":0,"18":0,"19":0,"20":0,"21":0,"22":0,"23":0,"24":0,"25":0,"26":0,"27":0,"28":0,"29":0,"30":0,"31":0,"32":0,"33":0,"34":0,"35":0,"36":0,"37":0,"38":0,"39":0,"40":1,"41":1},"f":{"0":0,"1":0,"2":0,"3":0,"4":0,"5":0},"b":{"0":[0,0],"1":[0,0],"2":[0,0],"3":[0,0],"4":[0,0],"5":[0,0],"6":[0,0]}}
,"/Users/lucas/Projects/perso/account-v2/functions/src/accounts/dto/create-account.dto.ts": {"path":"/Users/lucas/Projects/perso/account-v2/functions/src/accounts/dto/create-account.dto.ts","statementMap":{"0":{"start":{"line":1,"column":0},"end":{"line":1,"column":81}},"1":{"start":{"line":3,"column":0},"end":{"line":3,"column":13}},"2":{"start":{"line":6,"column":2},"end":{"line":6,"column":null}},"3":{"start":{"line":11,"column":2},"end":{"line":11,"column":null}},"4":{"start":{"line":16,"column":2},"end":{"line":16,"column":null}},"5":{"start":{"line":20,"column":2},"end":{"line":20,"column":null}}},"fnMap":{},"branchMap":{},"s":{"0":1,"1":1,"2":1,"3":1,"4":1,"5":1},"f":{},"b":{}}
,"/Users/lucas/Projects/perso/account-v2/functions/src/accounts/dto/update-account.dto.ts": {"path":"/Users/lucas/Projects/perso/account-v2/functions/src/accounts/dto/update-account.dto.ts","statementMap":{"0":{"start":{"line":1,"column":0},"end":{"line":1,"column":81}},"1":{"start":{"line":3,"column":0},"end":{"line":3,"column":13}},"2":{"start":{"line":7,"column":2},"end":{"line":7,"column":null}},"3":{"start":{"line":12,"column":2},"end":{"line":12,"column":null}},"4":{"start":{"line":17,"column":2},"end":{"line":17,"column":null}},"5":{"start":{"line":21,"column":2},"end":{"line":21,"column":null}}},"fnMap":{},"branchMap":{},"s":{"0":1,"1":1,"2":1,"3":1,"4":1,"5":1},"f":{},"b":{}}
,"/Users/lucas/Projects/perso/account-v2/functions/src/auth/auth.controller.ts": {"path":"/Users/lucas/Projects/perso/account-v2/functions/src/auth/auth.controller.ts","statementMap":{"0":{"start":{"line":1,"column":0},"end":{"line":1,"column":77}},"1":{"start":{"line":2,"column":0},"end":{"line":2,"column":71}},"2":{"start":{"line":5,"column":7},"end":{"line":54,"column":null}},"3":{"start":{"line":11,"column":4},"end":{"line":11,"column":65}},"4":{"start":{"line":17,"column":4},"end":{"line":17,"column":50}},"5":{"start":{"line":23,"column":4},"end":{"line":28,"column":6}},"6":{"start":{"line":36,"column":4},"end":{"line":41,"column":6}},"7":{"start":{"line":47,"column":4},"end":{"line":52,"column":6}},"8":{"start":{"line":5,"column":13},"end":{"line":5,"column":27}},"9":{"start":{"line":8,"column":8},"end":{"line":12,"column":null}},"10":{"start":{"line":15,"column":8},"end":{"line":18,"column":null}},"11":{"start":{"line":22,"column":8},"end":{"line":29,"column":null}},"12":{"start":{"line":33,"column":8},"end":{"line":42,"column":null}},"13":{"start":{"line":46,"column":8},"end":{"line":53,"column":null}},"14":{"start":{"line":5,"column":13},"end":{"line":54,"column":null}}},"fnMap":{"0":{"name":"(anonymous_4)","decl":{"start":{"line":8,"column":8},"end":{"line":8,"column":21}},"loc":{"start":{"line":8,"column":54},"end":{"line":12,"column":3}}},"1":{"name":"(anonymous_5)","decl":{"start":{"line":15,"column":8},"end":{"line":15,"column":14}},"loc":{"start":{"line":15,"column":14},"end":{"line":18,"column":3}}},"2":{"name":"(anonymous_6)","decl":{"start":{"line":22,"column":8},"end":{"line":22,"column":18}},"loc":{"start":{"line":22,"column":34},"end":{"line":29,"column":3}}},"3":{"name":"(anonymous_7)","decl":{"start":{"line":33,"column":8},"end":{"line":33,"column":22}},"loc":{"start":{"line":33,"column":39},"end":{"line":42,"column":3}}},"4":{"name":"(anonymous_8)","decl":{"start":{"line":46,"column":8},"end":{"line":46,"column":22}},"loc":{"start":{"line":46,"column":38},"end":{"line":53,"column":3}}}},"branchMap":{},"s":{"0":0,"1":0,"2":0,"3":0,"4":0,"5":0,"6":0,"7":0,"8":0,"9":0,"10":0,"11":0,"12":0,"13":0,"14":0},"f":{"0":0,"1":0,"2":0,"3":0,"4":0},"b":{}}
,"/Users/lucas/Projects/perso/account-v2/functions/src/auth/auth.module.ts": {"path":"/Users/lucas/Projects/perso/account-v2/functions/src/auth/auth.module.ts","statementMap":{"0":{"start":{"line":1,"column":0},"end":{"line":1,"column":40}},"1":{"start":{"line":2,"column":0},"end":{"line":2,"column":51}},"2":{"start":{"line":7,"column":7},"end":{"line":7,"column":null}},"3":{"start":{"line":7,"column":13},"end":{"line":7,"column":23}},"4":{"start":{"line":7,"column":13},"end":{"line":7,"column":null}}},"fnMap":{},"branchMap":{},"s":{"0":0,"1":0,"2":0,"3":0,"4":0},"f":{},"b":{}}
,"/Users/lucas/Projects/perso/account-v2/functions/src/budgets/ai-budget.service.ts": {"path":"/Users/lucas/Projects/perso/account-v2/functions/src/budgets/ai-budget.service.ts","statementMap":{"0":{"start":{"line":1,"column":0},"end":{"line":1,"column":44}},"1":{"start":{"line":2,"column":0},"end":{"line":2,"column":63}},"2":{"start":{"line":5,"column":7},"end":{"line":182,"column":null}},"3":{"start":{"line":6,"column":31},"end":{"line":6,"column":41}},"4":{"start":{"line":12,"column":20},"end":{"line":12,"column":74}},"5":{"start":{"line":13,"column":20},"end":{"line":13,"column":63}},"6":{"start":{"line":15,"column":4},"end":{"line":19,"column":6}},"7":{"start":{"line":24,"column":30},"end":{"line":29,"column":15}},"8":{"start":{"line":32,"column":18},"end":{"line":32,"column":37}},"9":{"start":{"line":34,"column":4},"end":{"line":38,"column":5}},"10":{"start":{"line":35,"column":18},"end":{"line":35,"column":33}},"11":{"start":{"line":36,"column":6},"end":{"line":36,"column":38}},"12":{"start":{"line":37,"column":6},"end":{"line":37,"column":45}},"13":{"start":{"line":44,"column":16},"end":{"line":44,"column":31}},"14":{"start":{"line":45,"column":4},"end":{"line":45,"column":36}},"15":{"start":{"line":46,"column":4},"end":{"line":46,"column":43}},"16":{"start":{"line":50,"column":21},"end":{"line":50,"column":60}},"17":{"start":{"line":53,"column":32},"end":{"line":56,"column":34}},"18":{"start":{"line":58,"column":24},"end":{"line":58,"column":79}},"19":{"start":{"line":58,"column":59},"end":{"line":58,"column":77}},"20":{"start":{"line":61,"column":37},"end":{"line":67,"column":15}},"21":{"start":{"line":70,"column":4},"end":{"line":72,"column":5}},"22":{"start":{"line":71,"column":6},"end":{"line":71,"column":70}},"23":{"start":{"line":74,"column":24},"end":{"line":74,"column":49}},"24":{"start":{"line":76,"column":4},"end":{"line":143,"column":5}},"25":{"start":{"line":78,"column":6},"end":{"line":78,"column":98}},"26":{"start":{"line":78,"column":29},"end":{"line":78,"column":96}},"27":{"start":{"line":82,"column":24},"end":{"line":82,"column":46}},"28":{"start":{"line":82,"column":41},"end":{"line":82,"column":45}},"29":{"start":{"line":83,"column":36},"end":{"line":88,"column":39}},"30":{"start":{"line":91,"column":27},"end":{"line":94,"column":8}},"31":{"start":{"line":92,"column":28},"end":{"line":92,"column":78}},"32":{"start":{"line":92,"column":51},"end":{"line":92,"column":77}},"33":{"start":{"line":93,"column":8},"end":{"line":93,"column":74}},"34":{"start":{"line":97,"column":22},"end":{"line":97,"column":60}},"35":{"start":{"line":98,"column":6},"end":{"line":103,"column":9}},"36":{"start":{"line":99,"column":8},"end":{"line":99,"column":35}},"37":{"start":{"line":99,"column":28},"end":{"line":99,"column":35}},"38":{"start":{"line":100,"column":8},"end":{"line":100,"column":79}},"39":{"start":{"line":100,"column":41},"end":{"line":100,"column":79}},"40":{"start":{"line":101,"column":23},"end":{"line":101,"column":50}},"41":{"start":{"line":102,"column":8},"end":{"line":102,"column":79}},"42":{"start":{"line":106,"column":6},"end":{"line":142,"column":7}},"43":{"start":{"line":107,"column":28},"end":{"line":107,"column":30}},"44":{"start":{"line":108,"column":28},"end":{"line":108,"column":30}},"45":{"start":{"line":110,"column":8},"end":{"line":114,"column":11}},"46":{"start":{"line":112,"column":10},"end":{"line":112,"column":20}},"47":{"start":{"line":113,"column":10},"end":{"line":113,"column":40}},"48":{"start":{"line":121,"column":18},"end":{"line":121,"column":26}},"49":{"start":{"line":122,"column":21},"end":{"line":122,"column":49}},"50":{"start":{"line":122,"column":40},"end":{"line":122,"column":45}},"51":{"start":{"line":123,"column":21},"end":{"line":123,"column":49}},"52":{"start":{"line":123,"column":40},"end":{"line":123,"column":45}},"53":{"start":{"line":124,"column":22},"end":{"line":124,"column":60}},"54":{"start":{"line":124,"column":41},"end":{"line":124,"column":56}},"55":{"start":{"line":125,"column":22},"end":{"line":125,"column":54}},"56":{"start":{"line":125,"column":41},"end":{"line":125,"column":50}},"57":{"start":{"line":127,"column":22},"end":{"line":127,"column":75}},"58":{"start":{"line":128,"column":26},"end":{"line":128,"column":51}},"59":{"start":{"line":131,"column":25},"end":{"line":131,"column":46}},"60":{"start":{"line":134,"column":8},"end":{"line":134,"column":43}},"61":{"start":{"line":134,"column":28},"end":{"line":134,"column":43}},"62":{"start":{"line":139,"column":8},"end":{"line":141,"column":9}},"63":{"start":{"line":140,"column":10},"end":{"line":140,"column":45}},"64":{"start":{"line":147,"column":27},"end":{"line":147,"column":82}},"65":{"start":{"line":149,"column":20},"end":{"line":178,"column":6}},"66":{"start":{"line":150,"column":23},"end":{"line":150,"column":45}},"67":{"start":{"line":151,"column":30},"end":{"line":151,"column":52}},"68":{"start":{"line":152,"column":25},"end":{"line":152,"column":51}},"69":{"start":{"line":154,"column":24},"end":{"line":154,"column":34}},"70":{"start":{"line":156,"column":6},"end":{"line":165,"column":7}},"71":{"start":{"line":158,"column":8},"end":{"line":158,"column":38}},"72":{"start":{"line":159,"column":13},"end":{"line":165,"column":7}},"73":{"start":{"line":161,"column":8},"end":{"line":161,"column":33}},"74":{"start":{"line":164,"column":8},"end":{"line":164,"column":24}},"75":{"start":{"line":167,"column":6},"end":{"line":169,"column":7}},"76":{"start":{"line":168,"column":8},"end":{"line":168,"column":43}},"77":{"start":{"line":171,"column":6},"end":{"line":177,"column":8}},"78":{"start":{"line":180,"column":4},"end":{"line":180,"column":78}},"79":{"start":{"line":180,"column":31},"end":{"line":180,"column":76}},"80":{"start":{"line":5,"column":13},"end":{"line":5,"column":28}},"81":{"start":{"line":5,"column":13},"end":{"line":182,"column":null}}},"fnMap":{"0":{"name":"(anonymous_2)","decl":{"start":{"line":6,"column":2},"end":{"line":6,"column":31}},"loc":{"start":{"line":6,"column":56},"end":{"line":6,"column":61}}},"1":{"name":"(anonymous_3)","decl":{"start":{"line":11,"column":2},"end":{"line":11,"column":7}},"loc":{"start":{"line":11,"column":79},"end":{"line":20,"column":3}}},"2":{"name":"(anonymous_4)","decl":{"start":{"line":22,"column":10},"end":{"line":22,"column":15}},"loc":{"start":{"line":22,"column":82},"end":{"line":47,"column":3}}},"3":{"name":"(anonymous_5)","decl":{"start":{"line":49,"column":10},"end":{"line":49,"column":15}},"loc":{"start":{"line":49,"column":63},"end":{"line":181,"column":3}}},"4":{"name":"(anonymous_6)","decl":{"start":{"line":58,"column":54},"end":{"line":58,"column":55}},"loc":{"start":{"line":58,"column":59},"end":{"line":58,"column":77}}},"5":{"name":"(anonymous_7)","decl":{"start":{"line":78,"column":19},"end":{"line":78,"column":20}},"loc":{"start":{"line":78,"column":29},"end":{"line":78,"column":96}}},"6":{"name":"(anonymous_8)","decl":{"start":{"line":82,"column":36},"end":{"line":82,"column":37}},"loc":{"start":{"line":82,"column":41},"end":{"line":82,"column":45}}},"7":{"name":"(anonymous_9)","decl":{"start":{"line":91,"column":51},"end":{"line":91,"column":58}},"loc":{"start":{"line":91,"column":61},"end":{"line":94,"column":7}}},"8":{"name":"(anonymous_10)","decl":{"start":{"line":92,"column":46},"end":{"line":92,"column":47}},"loc":{"start":{"line":92,"column":51},"end":{"line":92,"column":77}}},"9":{"name":"(anonymous_11)","decl":{"start":{"line":98,"column":27},"end":{"line":98,"column":28}},"loc":{"start":{"line":98,"column":31},"end":{"line":103,"column":7}}},"10":{"name":"(anonymous_12)","decl":{"start":{"line":110,"column":24},"end":{"line":110,"column":25}},"loc":{"start":{"line":110,"column":33},"end":{"line":114,"column":9}}},"11":{"name":"(anonymous_13)","decl":{"start":{"line":122,"column":30},"end":{"line":122,"column":31}},"loc":{"start":{"line":122,"column":40},"end":{"line":122,"column":45}}},"12":{"name":"(anonymous_14)","decl":{"start":{"line":123,"column":30},"end":{"line":123,"column":31}},"loc":{"start":{"line":123,"column":40},"end":{"line":123,"column":45}}},"13":{"name":"(anonymous_15)","decl":{"start":{"line":124,"column":31},"end":{"line":124,"column":32}},"loc":{"start":{"line":124,"column":41},"end":{"line":124,"column":56}}},"14":{"name":"(anonymous_16)","decl":{"start":{"line":125,"column":31},"end":{"line":125,"column":32}},"loc":{"start":{"line":125,"column":41},"end":{"line":125,"column":50}}},"15":{"name":"(anonymous_17)","decl":{"start":{"line":149,"column":51},"end":{"line":149,"column":56}},"loc":{"start":{"line":149,"column":59},"end":{"line":178,"column":5}}},"16":{"name":"(anonymous_18)","decl":{"start":{"line":180,"column":26},"end":{"line":180,"column":27}},"loc":{"start":{"line":180,"column":31},"end":{"line":180,"column":76}}}},"branchMap":{"0":{"loc":{"start":{"line":34,"column":4},"end":{"line":38,"column":5}},"type":"if","locations":[{"start":{"line":34,"column":4},"end":{"line":38,"column":5}},{"start":{},"end":{}}]},"1":{"loc":{"start":{"line":34,"column":8},"end":{"line":34,"column":40}},"type":"binary-expr","locations":[{"start":{"line":34,"column":8},"end":{"line":34,"column":16}},{"start":{"line":34,"column":20},"end":{"line":34,"column":40}}]},"2":{"loc":{"start":{"line":58,"column":33},"end":{"line":58,"column":48}},"type":"binary-expr","locations":[{"start":{"line":58,"column":33},"end":{"line":58,"column":42}},{"start":{"line":58,"column":46},"end":{"line":58,"column":48}}]},"3":{"loc":{"start":{"line":70,"column":4},"end":{"line":72,"column":5}},"type":"if","locations":[{"start":{"line":70,"column":4},"end":{"line":72,"column":5}},{"start":{},"end":{}}]},"4":{"loc":{"start":{"line":76,"column":4},"end":{"line":143,"column":5}},"type":"if","locations":[{"start":{"line":76,"column":4},"end":{"line":143,"column":5}},{"start":{},"end":{}}]},"5":{"loc":{"start":{"line":76,"column":8},"end":{"line":76,"column":38}},"type":"binary-expr","locations":[{"start":{"line":76,"column":8},"end":{"line":76,"column":15}},{"start":{"line":76,"column":19},"end":{"line":76,"column":38}}]},"6":{"loc":{"start":{"line":91,"column":28},"end":{"line":91,"column":45}},"type":"binary-expr","locations":[{"start":{"line":91,"column":28},"end":{"line":91,"column":39}},{"start":{"line":91,"column":43},"end":{"line":91,"column":45}}]},"7":{"loc":{"start":{"line":93,"column":37},"end":{"line":93,"column":71}},"type":"cond-expr","locations":[{"start":{"line":93,"column":56},"end":{"line":93,"column":67}},{"start":{"line":93,"column":70},"end":{"line":93,"column":71}}]},"8":{"loc":{"start":{"line":99,"column":8},"end":{"line":99,"column":35}},"type":"if","locations":[{"start":{"line":99,"column":8},"end":{"line":99,"column":35}},{"start":{},"end":{}}]},"9":{"loc":{"start":{"line":100,"column":8},"end":{"line":100,"column":79}},"type":"if","locations":[{"start":{"line":100,"column":8},"end":{"line":100,"column":79}},{"start":{},"end":{}}]},"10":{"loc":{"start":{"line":102,"column":30},"end":{"line":102,"column":55}},"type":"binary-expr","locations":[{"start":{"line":102,"column":30},"end":{"line":102,"column":50}},{"start":{"line":102,"column":54},"end":{"line":102,"column":55}}]},"11":{"loc":{"start":{"line":113,"column":17},"end":{"line":113,"column":38}},"type":"binary-expr","locations":[{"start":{"line":113,"column":17},"end":{"line":113,"column":33}},{"start":{"line":113,"column":37},"end":{"line":113,"column":38}}]},"12":{"loc":{"start":{"line":134,"column":8},"end":{"line":134,"column":43}},"type":"if","locations":[{"start":{"line":134,"column":8},"end":{"line":134,"column":43}},{"start":{},"end":{}}]},"13":{"loc":{"start":{"line":139,"column":8},"end":{"line":141,"column":9}},"type":"if","locations":[{"start":{"line":139,"column":8},"end":{"line":141,"column":9}},{"start":{},"end":{}}]},"14":{"loc":{"start":{"line":152,"column":25},"end":{"line":152,"column":51}},"type":"binary-expr","locations":[{"start":{"line":152,"column":25},"end":{"line":152,"column":46}},{"start":{"line":152,"column":50},"end":{"line":152,"column":51}}]},"15":{"loc":{"start":{"line":152,"column":25},"end":{"line":152,"column":46}},"type":"cond-expr","locations":[{"start":{"line":152,"column":33},"end":{"line":152,"column":35}},{"start":{"line":152,"column":25},"end":{"line":152,"column":46}}]},"16":{"loc":{"start":{"line":152,"column":25},"end":{"line":152,"column":35}},"type":"binary-expr","locations":[{"start":{"line":152,"column":25},"end":{"line":152,"column":35}},{"start":{"line":152,"column":25},"end":{"line":152,"column":35}}]},"17":{"loc":{"start":{"line":156,"column":6},"end":{"line":165,"column":7}},"type":"if","locations":[{"start":{"line":156,"column":6},"end":{"line":165,"column":7}},{"start":{"line":159,"column":13},"end":{"line":165,"column":7}}]},"18":{"loc":{"start":{"line":156,"column":10},"end":{"line":156,"column":62}},"type":"binary-expr","locations":[{"start":{"line":156,"column":10},"end":{"line":156,"column":39}},{"start":{"line":156,"column":43},"end":{"line":156,"column":62}}]},"19":{"loc":{"start":{"line":159,"column":13},"end":{"line":165,"column":7}},"type":"if","locations":[{"start":{"line":159,"column":13},"end":{"line":165,"column":7}},{"start":{"line":162,"column":13},"end":{"line":165,"column":7}}]},"20":{"loc":{"start":{"line":167,"column":6},"end":{"line":169,"column":7}},"type":"if","locations":[{"start":{"line":167,"column":6},"end":{"line":169,"column":7}},{"start":{},"end":{}}]},"21":{"loc":{"start":{"line":167,"column":10},"end":{"line":167,"column":28}},"type":"cond-expr","locations":[{"start":{"line":167,"column":18},"end":{"line":167,"column":20}},{"start":{"line":167,"column":10},"end":{"line":167,"column":28}}]},"22":{"loc":{"start":{"line":167,"column":10},"end":{"line":167,"column":20}},"type":"binary-expr","locations":[{"start":{"line":167,"column":10},"end":{"line":167,"column":20}},{"start":{"line":167,"column":10},"end":{"line":167,"column":20}}]},"23":{"loc":{"start":{"line":175,"column":23},"end":{"line":175,"column":43}},"type":"binary-expr","locations":[{"start":{"line":175,"column":23},"end":{"line":175,"column":38}},{"start":{"line":175,"column":42},"end":{"line":175,"column":43}}]},"24":{"loc":{"start":{"line":176,"column":18},"end":{"line":176,"column":45}},"type":"binary-expr","locations":[{"start":{"line":176,"column":18},"end":{"line":176,"column":36}},{"start":{"line":176,"column":40},"end":{"line":176,"column":45}}]},"25":{"loc":{"start":{"line":176,"column":18},"end":{"line":176,"column":36}},"type":"cond-expr","locations":[{"start":{"line":176,"column":26},"end":{"line":176,"column":28}},{"start":{"line":176,"column":18},"end":{"line":176,"column":36}}]},"26":{"loc":{"start":{"line":176,"column":18},"end":{"line":176,"column":28}},"type":"binary-expr","locations":[{"start":{"line":176,"column":18},"end":{"line":176,"column":28}},{"start":{"line":176,"column":18},"end":{"line":176,"column":28}}]},"27":{"loc":{"start":{"line":180,"column":31},"end":{"line":180,"column":76}},"type":"binary-expr","locations":[{"start":{"line":180,"column":31},"end":{"line":180,"column":53}},{"start":{"line":180,"column":57},"end":{"line":180,"column":76}}]}},"s":{"0":0,"1":0,"2":0,"3":0,"4":0,"5":0,"6":0,"7":0,"8":0,"9":0,"10":0,"11":0,"12":0,"13":0,"14":0,"15":0,"16":0,"17":0,"18":0,"19":0,"20":0,"21":0,"22":0,"23":0,"24":0,"25":0,"26":0,"27":0,"28":0,"29":0,"30":0,"31":0,"32":0,"33":0,"34":0,"35":0,"36":0,"37":0,"38":0,"39":0,"40":0,"41":0,"42":0,"43":0,"44":0,"45":0,"46":0,"47":0,"48":0,"49":0,"50":0,"51":0,"52":0,"53":0,"54":0,"55":0,"56":0,"57":0,"58":0,"59":0,"60":0,"61":0,"62":0,"63":0,"64":0,"65":0,"66":0,"67":0,"68":0,"69":0,"70":0,"71":0,"72":0,"73":0,"74":0,"75":0,"76":0,"77":0,"78":0,"79":0,"80":0,"81":0},"f":{"0":0,"1":0,"2":0,"3":0,"4":0,"5":0,"6":0,"7":0,"8":0,"9":0,"10":0,"11":0,"12":0,"13":0,"14":0,"15":0,"16":0},"b":{"0":[0,0],"1":[0,0],"2":[0,0],"3":[0,0],"4":[0,0],"5":[0,0],"6":[0,0],"7":[0,0],"8":[0,0],"9":[0,0],"10":[0,0],"11":[0,0],"12":[0,0],"13":[0,0],"14":[0,0],"15":[0,0],"16":[0,0],"17":[0,0],"18":[0,0],"19":[0,0],"20":[0,0],"21":[0,0],"22":[0,0],"23":[0,0],"24":[0,0],"25":[0,0],"26":[0,0],"27":[0,0]}}
,"/Users/lucas/Projects/perso/account-v2/functions/src/budgets/budget-templates.controller.ts": {"path":"/Users/lucas/Projects/perso/account-v2/functions/src/budgets/budget-templates.controller.ts","statementMap":{"0":{"start":{"line":1,"column":0},"end":{"line":1,"column":129}},"1":{"start":{"line":2,"column":0},"end":{"line":2,"column":118}},"2":{"start":{"line":3,"column":0},"end":{"line":3,"column":71}},"3":{"start":{"line":7,"column":7},"end":{"line":58,"column":null}},"4":{"start":{"line":8,"column":31},"end":{"line":8,"column":55}},"5":{"start":{"line":15,"column":18},"end":{"line":15,"column":43}},"6":{"start":{"line":16,"column":4},"end":{"line":16,"column":78}},"7":{"start":{"line":24,"column":4},"end":{"line":26,"column":5}},"8":{"start":{"line":25,"column":6},"end":{"line":25,"column":62}},"9":{"start":{"line":27,"column":18},"end":{"line":27,"column":43}},"10":{"start":{"line":28,"column":4},"end":{"line":28,"column":65}},"11":{"start":{"line":36,"column":18},"end":{"line":36,"column":43}},"12":{"start":{"line":37,"column":4},"end":{"line":37,"column":58}},"13":{"start":{"line":46,"column":18},"end":{"line":46,"column":43}},"14":{"start":{"line":47,"column":4},"end":{"line":47,"column":82}},"15":{"start":{"line":55,"column":18},"end":{"line":55,"column":43}},"16":{"start":{"line":56,"column":4},"end":{"line":56,"column":57}},"17":{"start":{"line":7,"column":13},"end":{"line":7,"column":38}},"18":{"start":{"line":11,"column":2},"end":{"line":17,"column":null}},"19":{"start":{"line":20,"column":2},"end":{"line":29,"column":null}},"20":{"start":{"line":32,"column":2},"end":{"line":38,"column":null}},"21":{"start":{"line":41,"column":2},"end":{"line":48,"column":null}},"22":{"start":{"line":51,"column":2},"end":{"line":57,"column":null}},"23":{"start":{"line":7,"column":13},"end":{"line":58,"column":null}}},"fnMap":{"0":{"name":"(anonymous_4)","decl":{"start":{"line":8,"column":2},"end":{"line":8,"column":31}},"loc":{"start":{"line":8,"column":77},"end":{"line":8,"column":82}}},"1":{"name":"(anonymous_5)","decl":{"start":{"line":11,"column":2},"end":{"line":11,"column":8}},"loc":{"start":{"line":13,"column":23},"end":{"line":17,"column":3}}},"2":{"name":"(anonymous_6)","decl":{"start":{"line":20,"column":2},"end":{"line":20,"column":9}},"loc":{"start":{"line":22,"column":23},"end":{"line":29,"column":3}}},"3":{"name":"(anonymous_7)","decl":{"start":{"line":32,"column":2},"end":{"line":32,"column":9}},"loc":{"start":{"line":34,"column":23},"end":{"line":38,"column":3}}},"4":{"name":"(anonymous_8)","decl":{"start":{"line":41,"column":2},"end":{"line":41,"column":8}},"loc":{"start":{"line":44,"column":23},"end":{"line":48,"column":3}}},"5":{"name":"(anonymous_9)","decl":{"start":{"line":51,"column":2},"end":{"line":51,"column":8}},"loc":{"start":{"line":53,"column":23},"end":{"line":57,"column":3}}}},"branchMap":{"0":{"loc":{"start":{"line":24,"column":4},"end":{"line":26,"column":5}},"type":"if","locations":[{"start":{"line":24,"column":4},"end":{"line":26,"column":5}},{"start":{},"end":{}}]}},"s":{"0":0,"1":0,"2":0,"3":0,"4":0,"5":0,"6":0,"7":0,"8":0,"9":0,"10":0,"11":0,"12":0,"13":0,"14":0,"15":0,"16":0,"17":0,"18":0,"19":0,"20":0,"21":0,"22":0,"23":0},"f":{"0":0,"1":0,"2":0,"3":0,"4":0,"5":0},"b":{"0":[0,0]}}
,"/Users/lucas/Projects/perso/account-v2/functions/src/budgets/budget-templates.service.ts": {"path":"/Users/lucas/Projects/perso/account-v2/functions/src/budgets/budget-templates.service.ts","statementMap":{"0":{"start":{"line":1,"column":0},"end":{"line":1,"column":63}},"1":{"start":{"line":2,"column":0},"end":{"line":2,"column":63}},"2":{"start":{"line":17,"column":7},"end":{"line":78,"column":null}},"3":{"start":{"line":18,"column":31},"end":{"line":18,"column":41}},"4":{"start":{"line":21,"column":28},"end":{"line":25,"column":34}},"5":{"start":{"line":27,"column":4},"end":{"line":27,"column":46}},"6":{"start":{"line":27,"column":15},"end":{"line":27,"column":46}},"7":{"start":{"line":28,"column":4},"end":{"line":28,"column":16}},"8":{"start":{"line":32,"column":28},"end":{"line":37,"column":15}},"9":{"start":{"line":39,"column":4},"end":{"line":39,"column":74}},"10":{"start":{"line":39,"column":24},"end":{"line":39,"column":74}},"11":{"start":{"line":40,"column":4},"end":{"line":40,"column":16}},"12":{"start":{"line":44,"column":28},"end":{"line":49,"column":15}},"13":{"start":{"line":51,"column":4},"end":{"line":51,"column":46}},"14":{"start":{"line":51,"column":15},"end":{"line":51,"column":46}},"15":{"start":{"line":52,"column":4},"end":{"line":52,"column":16}},"16":{"start":{"line":56,"column":28},"end":{"line":62,"column":15}},"17":{"start":{"line":64,"column":4},"end":{"line":64,"column":46}},"18":{"start":{"line":64,"column":15},"end":{"line":64,"column":46}},"19":{"start":{"line":65,"column":4},"end":{"line":65,"column":16}},"20":{"start":{"line":69,"column":22},"end":{"line":73,"column":19}},"21":{"start":{"line":75,"column":4},"end":{"line":75,"column":46}},"22":{"start":{"line":75,"column":15},"end":{"line":75,"column":46}},"23":{"start":{"line":76,"column":4},"end":{"line":76,"column":29}},"24":{"start":{"line":17,"column":13},"end":{"line":17,"column":35}},"25":{"start":{"line":17,"column":13},"end":{"line":78,"column":null}}},"fnMap":{"0":{"name":"(anonymous_2)","decl":{"start":{"line":18,"column":2},"end":{"line":18,"column":31}},"loc":{"start":{"line":18,"column":56},"end":{"line":18,"column":61}}},"1":{"name":"(anonymous_3)","decl":{"start":{"line":20,"column":2},"end":{"line":20,"column":7}},"loc":{"start":{"line":20,"column":48},"end":{"line":29,"column":3}}},"2":{"name":"(anonymous_4)","decl":{"start":{"line":31,"column":2},"end":{"line":31,"column":7}},"loc":{"start":{"line":31,"column":41},"end":{"line":41,"column":3}}},"3":{"name":"(anonymous_5)","decl":{"start":{"line":43,"column":2},"end":{"line":43,"column":7}},"loc":{"start":{"line":43,"column":78},"end":{"line":53,"column":3}}},"4":{"name":"(anonymous_6)","decl":{"start":{"line":55,"column":2},"end":{"line":55,"column":7}},"loc":{"start":{"line":55,"column":90},"end":{"line":66,"column":3}}},"5":{"name":"(anonymous_7)","decl":{"start":{"line":68,"column":2},"end":{"line":68,"column":7}},"loc":{"start":{"line":68,"column":40},"end":{"line":77,"column":3}}}},"branchMap":{"0":{"loc":{"start":{"line":27,"column":4},"end":{"line":27,"column":46}},"type":"if","locations":[{"start":{"line":27,"column":4},"end":{"line":27,"column":46}},{"start":{},"end":{}}]},"1":{"loc":{"start":{"line":39,"column":4},"end":{"line":39,"column":74}},"type":"if","locations":[{"start":{"line":39,"column":4},"end":{"line":39,"column":74}},{"start":{},"end":{}}]},"2":{"loc":{"start":{"line":39,"column":8},"end":{"line":39,"column":22}},"type":"binary-expr","locations":[{"start":{"line":39,"column":8},"end":{"line":39,"column":13}},{"start":{"line":39,"column":17},"end":{"line":39,"column":22}}]},"3":{"loc":{"start":{"line":51,"column":4},"end":{"line":51,"column":46}},"type":"if","locations":[{"start":{"line":51,"column":4},"end":{"line":51,"column":46}},{"start":{},"end":{}}]},"4":{"loc":{"start":{"line":64,"column":4},"end":{"line":64,"column":46}},"type":"if","locations":[{"start":{"line":64,"column":4},"end":{"line":64,"column":46}},{"start":{},"end":{}}]},"5":{"loc":{"start":{"line":75,"column":4},"end":{"line":75,"column":46}},"type":"if","locations":[{"start":{"line":75,"column":4},"end":{"line":75,"column":46}},{"start":{},"end":{}}]}},"s":{"0":0,"1":0,"2":0,"3":0,"4":0,"5":0,"6":0,"7":0,"8":0,"9":0,"10":0,"11":0,"12":0,"13":0,"14":0,"15":0,"16":0,"17":0,"18":0,"19":0,"20":0,"21":0,"22":0,"23":0,"24":0,"25":0},"f":{"0":0,"1":0,"2":0,"3":0,"4":0,"5":0},"b":{"0":[0,0],"1":[0,0],"2":[0,0],"3":[0,0],"4":[0,0],"5":[0,0]}}
,"/Users/lucas/Projects/perso/account-v2/functions/src/budgets/budgets.controller.ts": {"path":"/Users/lucas/Projects/perso/account-v2/functions/src/budgets/budgets.controller.ts","statementMap":{"0":{"start":{"line":1,"column":0},"end":{"line":1,"column":97}},"1":{"start":{"line":2,"column":0},"end":{"line":2,"column":51}},"2":{"start":{"line":3,"column":0},"end":{"line":3,"column":71}},"3":{"start":{"line":11,"column":7},"end":{"line":33,"column":null}},"4":{"start":{"line":12,"column":31},"end":{"line":12,"column":47}},"5":{"start":{"line":26,"column":4},"end":{"line":28,"column":5}},"6":{"start":{"line":27,"column":6},"end":{"line":27,"column":61}},"7":{"start":{"line":30,"column":18},"end":{"line":30,"column":43}},"8":{"start":{"line":31,"column":4},"end":{"line":31,"column":68}},"9":{"start":{"line":11,"column":13},"end":{"line":11,"column":30}},"10":{"start":{"line":22,"column":8},"end":{"line":32,"column":null}},"11":{"start":{"line":11,"column":13},"end":{"line":33,"column":null}}},"fnMap":{"0":{"name":"(anonymous_4)","decl":{"start":{"line":12,"column":2},"end":{"line":12,"column":31}},"loc":{"start":{"line":12,"column":61},"end":{"line":12,"column":65}}},"1":{"name":"(anonymous_5)","decl":{"start":{"line":22,"column":8},"end":{"line":22,"column":27}},"loc":{"start":{"line":24,"column":23},"end":{"line":32,"column":3}}}},"branchMap":{"0":{"loc":{"start":{"line":26,"column":4},"end":{"line":28,"column":5}},"type":"if","locations":[{"start":{"line":26,"column":4},"end":{"line":28,"column":5}},{"start":{},"end":{}}]}},"s":{"0":0,"1":0,"2":0,"3":0,"4":0,"5":0,"6":0,"7":0,"8":0,"9":0,"10":0,"11":0},"f":{"0":0,"1":0},"b":{"0":[0,0]}}
,"/Users/lucas/Projects/perso/account-v2/functions/src/budgets/budgets.module.ts": {"path":"/Users/lucas/Projects/perso/account-v2/functions/src/budgets/budgets.module.ts","statementMap":{"0":{"start":{"line":1,"column":0},"end":{"line":1,"column":40}},"1":{"start":{"line":2,"column":0},"end":{"line":2,"column":68}},"2":{"start":{"line":3,"column":0},"end":{"line":3,"column":74}},"3":{"start":{"line":4,"column":0},"end":{"line":4,"column":51}},"4":{"start":{"line":5,"column":0},"end":{"line":5,"column":57}},"5":{"start":{"line":6,"column":0},"end":{"line":6,"column":54}},"6":{"start":{"line":7,"column":0},"end":{"line":7,"column":61}},"7":{"start":{"line":15,"column":7},"end":{"line":15,"column":null}},"8":{"start":{"line":15,"column":13},"end":{"line":15,"column":26}},"9":{"start":{"line":15,"column":13},"end":{"line":15,"column":null}}},"fnMap":{},"branchMap":{},"s":{"0":0,"1":0,"2":0,"3":0,"4":0,"5":0,"6":0,"7":0,"8":0,"9":0},"f":{},"b":{}}
,"/Users/lucas/Projects/perso/account-v2/functions/src/budgets/budgets.service.ts": {"path":"/Users/lucas/Projects/perso/account-v2/functions/src/budgets/budgets.service.ts","statementMap":{"0":{"start":{"line":1,"column":0},"end":{"line":1,"column":74}},"1":{"start":{"line":2,"column":0},"end":{"line":2,"column":63}},"2":{"start":{"line":9,"column":7},"end":{"line":80,"column":null}},"3":{"start":{"line":10,"column":31},"end":{"line":10,"column":41}},"4":{"start":{"line":20,"column":4},"end":{"line":22,"column":5}},"5":{"start":{"line":21,"column":6},"end":{"line":21,"column":73}},"6":{"start":{"line":24,"column":19},"end":{"line":24,"column":58}},"7":{"start":{"line":25,"column":28},"end":{"line":31,"column":32}},"8":{"start":{"line":33,"column":4},"end":{"line":35,"column":5}},"9":{"start":{"line":34,"column":6},"end":{"line":34,"column":101}},"10":{"start":{"line":37,"column":4},"end":{"line":37,"column":22}},"11":{"start":{"line":49,"column":4},"end":{"line":51,"column":5}},"12":{"start":{"line":50,"column":6},"end":{"line":50,"column":16}},"13":{"start":{"line":53,"column":19},"end":{"line":53,"column":58}},"14":{"start":{"line":54,"column":28},"end":{"line":58,"column":15}},"15":{"start":{"line":60,"column":4},"end":{"line":62,"column":5}},"16":{"start":{"line":61,"column":6},"end":{"line":61,"column":100}},"17":{"start":{"line":64,"column":4},"end":{"line":64,"column":22}},"18":{"start":{"line":73,"column":4},"end":{"line":75,"column":5}},"19":{"start":{"line":74,"column":6},"end":{"line":74,"column":19}},"20":{"start":{"line":77,"column":22},"end":{"line":77,"column":75}},"21":{"start":{"line":78,"column":4},"end":{"line":78,"column":32}},"22":{"start":{"line":9,"column":13},"end":{"line":9,"column":27}},"23":{"start":{"line":9,"column":13},"end":{"line":80,"column":null}}},"fnMap":{"0":{"name":"(anonymous_2)","decl":{"start":{"line":10,"column":2},"end":{"line":10,"column":31}},"loc":{"start":{"line":10,"column":56},"end":{"line":10,"column":60}}},"1":{"name":"(anonymous_3)","decl":{"start":{"line":19,"column":2},"end":{"line":19,"column":7}},"loc":{"start":{"line":19,"column":59},"end":{"line":38,"column":3}}},"2":{"name":"(anonymous_4)","decl":{"start":{"line":48,"column":2},"end":{"line":48,"column":7}},"loc":{"start":{"line":48,"column":50},"end":{"line":65,"column":3}}},"3":{"name":"(anonymous_5)","decl":{"start":{"line":72,"column":10},"end":{"line":72,"column":22}},"loc":{"start":{"line":72,"column":35},"end":{"line":79,"column":3}}}},"branchMap":{"0":{"loc":{"start":{"line":20,"column":4},"end":{"line":22,"column":5}},"type":"if","locations":[{"start":{"line":20,"column":4},"end":{"line":22,"column":5}},{"start":{},"end":{}}]},"1":{"loc":{"start":{"line":33,"column":4},"end":{"line":35,"column":5}},"type":"if","locations":[{"start":{"line":33,"column":4},"end":{"line":35,"column":5}},{"start":{},"end":{}}]},"2":{"loc":{"start":{"line":37,"column":11},"end":{"line":37,"column":21}},"type":"binary-expr","locations":[{"start":{"line":37,"column":11},"end":{"line":37,"column":15}},{"start":{"line":37,"column":19},"end":{"line":37,"column":21}}]},"3":{"loc":{"start":{"line":49,"column":4},"end":{"line":51,"column":5}},"type":"if","locations":[{"start":{"line":49,"column":4},"end":{"line":51,"column":5}},{"start":{},"end":{}}]},"4":{"loc":{"start":{"line":49,"column":8},"end":{"line":49,"column":44}},"type":"binary-expr","locations":[{"start":{"line":49,"column":8},"end":{"line":49,"column":18}},{"start":{"line":49,"column":22},"end":{"line":49,"column":44}}]},"5":{"loc":{"start":{"line":60,"column":4},"end":{"line":62,"column":5}},"type":"if","locations":[{"start":{"line":60,"column":4},"end":{"line":62,"column":5}},{"start":{},"end":{}}]},"6":{"loc":{"start":{"line":64,"column":11},"end":{"line":64,"column":21}},"type":"binary-expr","locations":[{"start":{"line":64,"column":11},"end":{"line":64,"column":15}},{"start":{"line":64,"column":19},"end":{"line":64,"column":21}}]},"7":{"loc":{"start":{"line":73,"column":4},"end":{"line":75,"column":5}},"type":"if","locations":[{"start":{"line":73,"column":4},"end":{"line":75,"column":5}},{"start":{},"end":{}}]},"8":{"loc":{"start":{"line":73,"column":8},"end":{"line":73,"column":41}},"type":"binary-expr","locations":[{"start":{"line":73,"column":8},"end":{"line":73,"column":13}},{"start":{"line":73,"column":17},"end":{"line":73,"column":41}}]}},"s":{"0":0,"1":0,"2":0,"3":0,"4":0,"5":0,"6":0,"7":0,"8":0,"9":0,"10":0,"11":0,"12":0,"13":0,"14":0,"15":0,"16":0,"17":0,"18":0,"19":0,"20":0,"21":0,"22":0,"23":0},"f":{"0":0,"1":0,"2":0,"3":0},"b":{"0":[0,0],"1":[0,0],"2":[0,0],"3":[0,0],"4":[0,0],"5":[0,0],"6":[0,0],"7":[0,0],"8":[0,0]}}
,"/Users/lucas/Projects/perso/account-v2/functions/src/categories/categories.controller.ts": {"path":"/Users/lucas/Projects/perso/account-v2/functions/src/categories/categories.controller.ts","statementMap":{"0":{"start":{"line":1,"column":0},"end":{"line":1,"column":null}},"1":{"start":{"line":13,"column":0},"end":{"line":13,"column":57}},"2":{"start":{"line":14,"column":0},"end":{"line":14,"column":62}},"3":{"start":{"line":15,"column":0},"end":{"line":15,"column":62}},"4":{"start":{"line":16,"column":0},"end":{"line":16,"column":71}},"5":{"start":{"line":20,"column":7},"end":{"line":51,"column":null}},"6":{"start":{"line":21,"column":31},"end":{"line":21,"column":50}},"7":{"start":{"line":25,"column":4},"end":{"line":25,"column":67}},"8":{"start":{"line":30,"column":4},"end":{"line":30,"column":60}},"9":{"start":{"line":35,"column":4},"end":{"line":35,"column":74}},"10":{"start":{"line":44,"column":4},"end":{"line":44,"column":78}},"11":{"start":{"line":49,"column":4},"end":{"line":49,"column":59}},"12":{"start":{"line":20,"column":13},"end":{"line":20,"column":33}},"13":{"start":{"line":24,"column":8},"end":{"line":26,"column":null}},"14":{"start":{"line":29,"column":8},"end":{"line":31,"column":null}},"15":{"start":{"line":34,"column":8},"end":{"line":36,"column":null}},"16":{"start":{"line":39,"column":8},"end":{"line":45,"column":null}},"17":{"start":{"line":48,"column":8},"end":{"line":50,"column":null}},"18":{"start":{"line":20,"column":13},"end":{"line":51,"column":null}}},"fnMap":{"0":{"name":"(anonymous_4)","decl":{"start":{"line":21,"column":2},"end":{"line":21,"column":31}},"loc":{"start":{"line":21,"column":67},"end":{"line":21,"column":71}}},"1":{"name":"(anonymous_5)","decl":{"start":{"line":24,"column":8},"end":{"line":24,"column":15}},"loc":{"start":{"line":24,"column":72},"end":{"line":26,"column":3}}},"2":{"name":"(anonymous_6)","decl":{"start":{"line":29,"column":8},"end":{"line":29,"column":15}},"loc":{"start":{"line":29,"column":56},"end":{"line":31,"column":3}}},"3":{"name":"(anonymous_7)","decl":{"start":{"line":34,"column":8},"end":{"line":34,"column":14}},"loc":{"start":{"line":34,"column":76},"end":{"line":36,"column":3}}},"4":{"name":"(anonymous_8)","decl":{"start":{"line":39,"column":8},"end":{"line":39,"column":14}},"loc":{"start":{"line":42,"column":48},"end":{"line":45,"column":3}}},"5":{"name":"(anonymous_9)","decl":{"start":{"line":48,"column":8},"end":{"line":48,"column":14}},"loc":{"start":{"line":48,"column":55},"end":{"line":50,"column":3}}}},"branchMap":{},"s":{"0":1,"1":1,"2":1,"3":1,"4":1,"5":1,"6":7,"7":2,"8":1,"9":1,"10":1,"11":1,"12":1,"13":1,"14":1,"15":1,"16":1,"17":1,"18":1},"f":{"0":7,"1":2,"2":1,"3":1,"4":1,"5":1},"b":{}}
,"/Users/lucas/Projects/perso/account-v2/functions/src/categories/categories.module.ts": {"path":"/Users/lucas/Projects/perso/account-v2/functions/src/categories/categories.module.ts","statementMap":{"0":{"start":{"line":1,"column":0},"end":{"line":1,"column":40}},"1":{"start":{"line":2,"column":0},"end":{"line":2,"column":63}},"2":{"start":{"line":3,"column":0},"end":{"line":3,"column":57}},"3":{"start":{"line":4,"column":0},"end":{"line":4,"column":63}},"4":{"start":{"line":11,"column":7},"end":{"line":11,"column":null}},"5":{"start":{"line":11,"column":13},"end":{"line":11,"column":29}},"6":{"start":{"line":11,"column":13},"end":{"line":11,"column":null}}},"fnMap":{},"branchMap":{},"s":{"0":0,"1":0,"2":0,"3":0,"4":0,"5":0,"6":0},"f":{},"b":{}}
,"/Users/lucas/Projects/perso/account-v2/functions/src/categories/categories.service.ts": {"path":"/Users/lucas/Projects/perso/account-v2/functions/src/categories/categories.service.ts","statementMap":{"0":{"start":{"line":1,"column":0},"end":{"line":1,"column":44}},"1":{"start":{"line":2,"column":0},"end":{"line":2,"column":53}},"2":{"start":{"line":5,"column":0},"end":{"line":5,"column":63}},"3":{"start":{"line":18,"column":7},"end":{"line":261,"column":null}},"4":{"start":{"line":20,"column":4},"end":{"line":20,"column":48}},"5":{"start":{"line":24,"column":4},"end":{"line":64,"column":5}},"6":{"start":{"line":25,"column":18},"end":{"line":29,"column":50}},"7":{"start":{"line":31,"column":6},"end":{"line":45,"column":7}},"8":{"start":{"line":32,"column":8},"end":{"line":32,"column":50}},"9":{"start":{"line":35,"column":35},"end":{"line":39,"column":33}},"10":{"start":{"line":41,"column":8},"end":{"line":44,"column":9}},"11":{"start":{"line":42,"column":29},"end":{"line":42,"column":56}},"12":{"start":{"line":42,"column":49},"end":{"line":42,"column":55}},"13":{"start":{"line":43,"column":10},"end":{"line":43,"column":53}},"14":{"start":{"line":47,"column":30},"end":{"line":47,"column":41}},"15":{"start":{"line":49,"column":6},"end":{"line":55,"column":7}},"16":{"start":{"line":50,"column":8},"end":{"line":54,"column":11}},"17":{"start":{"line":57,"column":6},"end":{"line":57,"column":24}},"18":{"start":{"line":59,"column":6},"end":{"line":63,"column":9}},"19":{"start":{"line":68,"column":4},"end":{"line":96,"column":5}},"20":{"start":{"line":70,"column":40},"end":{"line":79,"column":17}},"21":{"start":{"line":81,"column":6},"end":{"line":87,"column":7}},"22":{"start":{"line":82,"column":8},"end":{"line":86,"column":11}},"23":{"start":{"line":89,"column":6},"end":{"line":89,"column":22}},"24":{"start":{"line":91,"column":6},"end":{"line":95,"column":9}},"25":{"start":{"line":100,"column":4},"end":{"line":154,"column":5}},"26":{"start":{"line":102,"column":6},"end":{"line":118,"column":7}},"27":{"start":{"line":103,"column":34},"end":{"line":109,"column":19}},"28":{"start":{"line":111,"column":8},"end":{"line":117,"column":9}},"29":{"start":{"line":112,"column":10},"end":{"line":116,"column":13}},"30":{"start":{"line":120,"column":30},"end":{"line":129,"column":17}},"31":{"start":{"line":131,"column":6},"end":{"line":137,"column":7}},"32":{"start":{"line":132,"column":8},"end":{"line":136,"column":11}},"33":{"start":{"line":139,"column":21},"end":{"line":139,"column":26}},"34":{"start":{"line":140,"column":6},"end":{"line":145,"column":9}},"35":{"start":{"line":147,"column":6},"end":{"line":147,"column":20}},"36":{"start":{"line":149,"column":6},"end":{"line":153,"column":9}},"37":{"start":{"line":158,"column":4},"end":{"line":222,"column":5}},"38":{"start":{"line":160,"column":31},"end":{"line":160,"column":61}},"39":{"start":{"line":162,"column":6},"end":{"line":168,"column":7}},"40":{"start":{"line":163,"column":8},"end":{"line":167,"column":11}},"41":{"start":{"line":171,"column":6},"end":{"line":187,"column":7}},"42":{"start":{"line":172,"column":34},"end":{"line":178,"column":19}},"43":{"start":{"line":180,"column":8},"end":{"line":186,"column":9}},"44":{"start":{"line":181,"column":10},"end":{"line":185,"column":13}},"45":{"start":{"line":189,"column":30},"end":{"line":198,"column":17}},"46":{"start":{"line":200,"column":6},"end":{"line":206,"column":7}},"47":{"start":{"line":201,"column":8},"end":{"line":205,"column":11}},"48":{"start":{"line":208,"column":21},"end":{"line":208,"column":26}},"49":{"start":{"line":209,"column":6},"end":{"line":213,"column":9}},"50":{"start":{"line":215,"column":6},"end":{"line":215,"column":20}},"51":{"start":{"line":217,"column":6},"end":{"line":221,"column":9}},"52":{"start":{"line":226,"column":4},"end":{"line":259,"column":5}},"53":{"start":{"line":228,"column":31},"end":{"line":228,"column":61}},"54":{"start":{"line":230,"column":6},"end":{"line":236,"column":7}},"55":{"start":{"line":231,"column":8},"end":{"line":235,"column":11}},"56":{"start":{"line":238,"column":24},"end":{"line":242,"column":21}},"57":{"start":{"line":244,"column":6},"end":{"line":250,"column":7}},"58":{"start":{"line":245,"column":8},"end":{"line":249,"column":11}},"59":{"start":{"line":252,"column":6},"end":{"line":252,"column":80}},"60":{"start":{"line":254,"column":6},"end":{"line":258,"column":9}},"61":{"start":{"line":18,"column":13},"end":{"line":18,"column":30}},"62":{"start":{"line":18,"column":13},"end":{"line":261,"column":null}}},"fnMap":{"0":{"name":"(anonymous_2)","decl":{"start":{"line":19,"column":2},"end":{"line":19,"column":14}},"loc":{"start":{"line":19,"column":46},"end":{"line":21,"column":3}}},"1":{"name":"(anonymous_3)","decl":{"start":{"line":23,"column":2},"end":{"line":23,"column":7}},"loc":{"start":{"line":23,"column":50},"end":{"line":65,"column":3}}},"2":{"name":"(anonymous_4)","decl":{"start":{"line":42,"column":42},"end":{"line":42,"column":45}},"loc":{"start":{"line":42,"column":49},"end":{"line":42,"column":55}}},"3":{"name":"(anonymous_5)","decl":{"start":{"line":67,"column":2},"end":{"line":67,"column":7}},"loc":{"start":{"line":67,"column":42},"end":{"line":97,"column":3}}},"4":{"name":"(anonymous_6)","decl":{"start":{"line":99,"column":2},"end":{"line":99,"column":7}},"loc":{"start":{"line":99,"column":67},"end":{"line":155,"column":3}}},"5":{"name":"(anonymous_7)","decl":{"start":{"line":157,"column":2},"end":{"line":157,"column":7}},"loc":{"start":{"line":157,"column":79},"end":{"line":223,"column":3}}},"6":{"name":"(anonymous_8)","decl":{"start":{"line":225,"column":2},"end":{"line":225,"column":7}},"loc":{"start":{"line":225,"column":41},"end":{"line":260,"column":3}}}},"branchMap":{"0":{"loc":{"start":{"line":31,"column":6},"end":{"line":45,"column":7}},"type":"if","locations":[{"start":{"line":31,"column":6},"end":{"line":45,"column":7}},{"start":{"line":33,"column":13},"end":{"line":45,"column":7}}]},"1":{"loc":{"start":{"line":41,"column":8},"end":{"line":44,"column":9}},"type":"if","locations":[{"start":{"line":41,"column":8},"end":{"line":44,"column":9}},{"start":{},"end":{}}]},"2":{"loc":{"start":{"line":41,"column":12},"end":{"line":41,"column":43}},"type":"binary-expr","locations":[{"start":{"line":41,"column":12},"end":{"line":41,"column":20}},{"start":{"line":41,"column":24},"end":{"line":41,"column":43}}]},"3":{"loc":{"start":{"line":49,"column":6},"end":{"line":55,"column":7}},"type":"if","locations":[{"start":{"line":49,"column":6},"end":{"line":55,"column":7}},{"start":{},"end":{}}]},"4":{"loc":{"start":{"line":57,"column":13},"end":{"line":57,"column":23}},"type":"binary-expr","locations":[{"start":{"line":57,"column":13},"end":{"line":57,"column":17}},{"start":{"line":57,"column":21},"end":{"line":57,"column":23}}]},"5":{"loc":{"start":{"line":81,"column":6},"end":{"line":87,"column":7}},"type":"if","locations":[{"start":{"line":81,"column":6},"end":{"line":87,"column":7}},{"start":{},"end":{}}]},"6":{"loc":{"start":{"line":102,"column":6},"end":{"line":118,"column":7}},"type":"if","locations":[{"start":{"line":102,"column":6},"end":{"line":118,"column":7}},{"start":{},"end":{}}]},"7":{"loc":{"start":{"line":111,"column":8},"end":{"line":117,"column":9}},"type":"if","locations":[{"start":{"line":111,"column":8},"end":{"line":117,"column":9}},{"start":{},"end":{}}]},"8":{"loc":{"start":{"line":131,"column":6},"end":{"line":137,"column":7}},"type":"if","locations":[{"start":{"line":131,"column":6},"end":{"line":137,"column":7}},{"start":{},"end":{}}]},"9":{"loc":{"start":{"line":162,"column":6},"end":{"line":168,"column":7}},"type":"if","locations":[{"start":{"line":162,"column":6},"end":{"line":168,"column":7}},{"start":{},"end":{}}]},"10":{"loc":{"start":{"line":171,"column":6},"end":{"line":187,"column":7}},"type":"if","locations":[{"start":{"line":171,"column":6},"end":{"line":187,"column":7}},{"start":{},"end":{}}]},"11":{"loc":{"start":{"line":180,"column":8},"end":{"line":186,"column":9}},"type":"if","locations":[{"start":{"line":180,"column":8},"end":{"line":186,"column":9}},{"start":{},"end":{}}]},"12":{"loc":{"start":{"line":200,"column":6},"end":{"line":206,"column":7}},"type":"if","locations":[{"start":{"line":200,"column":6},"end":{"line":206,"column":7}},{"start":{},"end":{}}]},"13":{"loc":{"start":{"line":230,"column":6},"end":{"line":236,"column":7}},"type":"if","locations":[{"start":{"line":230,"column":6},"end":{"line":236,"column":7}},{"start":{},"end":{}}]},"14":{"loc":{"start":{"line":244,"column":6},"end":{"line":250,"column":7}},"type":"if","locations":[{"start":{"line":244,"column":6},"end":{"line":250,"column":7}},{"start":{},"end":{}}]}},"s":{"0":1,"1":1,"2":1,"3":1,"4":0,"5":0,"6":0,"7":0,"8":0,"9":0,"10":0,"11":0,"12":0,"13":0,"14":0,"15":0,"16":0,"17":0,"18":0,"19":0,"20":0,"21":0,"22":0,"23":0,"24":0,"25":0,"26":0,"27":0,"28":0,"29":0,"30":0,"31":0,"32":0,"33":0,"34":0,"35":0,"36":0,"37":0,"38":0,"39":0,"40":0,"41":0,"42":0,"43":0,"44":0,"45":0,"46":0,"47":0,"48":0,"49":0,"50":0,"51":0,"52":0,"53":0,"54":0,"55":0,"56":0,"57":0,"58":0,"59":0,"60":0,"61":1,"62":1},"f":{"0":0,"1":0,"2":0,"3":0,"4":0,"5":0,"6":0},"b":{"0":[0,0],"1":[0,0],"2":[0,0],"3":[0,0],"4":[0,0],"5":[0,0],"6":[0,0],"7":[0,0],"8":[0,0],"9":[0,0],"10":[0,0],"11":[0,0],"12":[0,0],"13":[0,0],"14":[0,0]}}
,"/Users/lucas/Projects/perso/account-v2/functions/src/categories/dto/create-category.dto.ts": {"path":"/Users/lucas/Projects/perso/account-v2/functions/src/categories/dto/create-category.dto.ts","statementMap":{"0":{"start":{"line":1,"column":0},"end":{"line":1,"column":78}},"1":{"start":{"line":3,"column":0},"end":{"line":3,"column":13}},"2":{"start":{"line":6,"column":2},"end":{"line":6,"column":null}},"3":{"start":{"line":10,"column":2},"end":{"line":10,"column":null}},"4":{"start":{"line":15,"column":2},"end":{"line":15,"column":null}},"5":{"start":{"line":19,"column":2},"end":{"line":19,"column":null}}},"fnMap":{},"branchMap":{},"s":{"0":1,"1":1,"2":1,"3":1,"4":1,"5":1},"f":{},"b":{}}
,"/Users/lucas/Projects/perso/account-v2/functions/src/categories/dto/update-category.dto.ts": {"path":"/Users/lucas/Projects/perso/account-v2/functions/src/categories/dto/update-category.dto.ts","statementMap":{"0":{"start":{"line":1,"column":0},"end":{"line":1,"column":78}},"1":{"start":{"line":3,"column":0},"end":{"line":3,"column":13}},"2":{"start":{"line":7,"column":2},"end":{"line":7,"column":null}},"3":{"start":{"line":11,"column":2},"end":{"line":11,"column":null}},"4":{"start":{"line":16,"column":2},"end":{"line":16,"column":null}},"5":{"start":{"line":20,"column":2},"end":{"line":20,"column":null}}},"fnMap":{},"branchMap":{},"s":{"0":1,"1":1,"2":1,"3":1,"4":1,"5":1},"f":{},"b":{}}
,"/Users/lucas/Projects/perso/account-v2/functions/src/core/core.module.ts": {"path":"/Users/lucas/Projects/perso/account-v2/functions/src/core/core.module.ts","statementMap":{"0":{"start":{"line":1,"column":0},"end":{"line":1,"column":40}},"1":{"start":{"line":2,"column":0},"end":{"line":2,"column":42}},"2":{"start":{"line":3,"column":0},"end":{"line":3,"column":70}},"3":{"start":{"line":17,"column":7},"end":{"line":17,"column":null}},"4":{"start":{"line":17,"column":13},"end":{"line":17,"column":23}},"5":{"start":{"line":17,"column":13},"end":{"line":17,"column":null}}},"fnMap":{},"branchMap":{},"s":{"0":0,"1":0,"2":0,"3":0,"4":0,"5":0},"f":{},"b":{}}
,"/Users/lucas/Projects/perso/account-v2/functions/src/core/filters/http-exception.filter.ts": {"path":"/Users/lucas/Projects/perso/account-v2/functions/src/core/filters/http-exception.filter.ts","statementMap":{"0":{"start":{"line":1,"column":0},"end":{"line":1,"column":106}},"1":{"start":{"line":10,"column":32},"end":{"line":48,"column":null}},"2":{"start":{"line":11,"column":19},"end":{"line":11,"column":65}},"3":{"start":{"line":14,"column":16},"end":{"line":14,"column":35}},"4":{"start":{"line":15,"column":21},"end":{"line":15,"column":48}},"5":{"start":{"line":17,"column":17},"end":{"line":17,"column":49}},"6":{"start":{"line":18,"column":18},"end":{"line":18,"column":41}},"7":{"start":{"line":19,"column":23},"end":{"line":19,"column":27}},"8":{"start":{"line":21,"column":4},"end":{"line":37,"column":5}},"9":{"start":{"line":22,"column":6},"end":{"line":22,"column":37}},"10":{"start":{"line":23,"column":32},"end":{"line":23,"column":55}},"11":{"start":{"line":25,"column":6},"end":{"line":31,"column":7}},"12":{"start":{"line":26,"column":8},"end":{"line":26,"column":36}},"13":{"start":{"line":27,"column":13},"end":{"line":31,"column":7}},"14":{"start":{"line":28,"column":28},"end":{"line":28,"column":52}},"15":{"start":{"line":29,"column":8},"end":{"line":29,"column":49}},"16":{"start":{"line":30,"column":8},"end":{"line":30,"column":44}},"17":{"start":{"line":32,"column":11},"end":{"line":37,"column":5}},"18":{"start":{"line":33,"column":6},"end":{"line":33,"column":86}},"19":{"start":{"line":34,"column":6},"end":{"line":34,"column":45}},"20":{"start":{"line":36,"column":6},"end":{"line":36,"column":62}},"21":{"start":{"line":39,"column":23},"end":{"line":43,"column":null}},"22":{"start":{"line":46,"column":4},"end":{"line":46,"column":48}},"23":{"start":{"line":10,"column":13},"end":{"line":10,"column":32}},"24":{"start":{"line":10,"column":13},"end":{"line":48,"column":null}}},"fnMap":{"0":{"name":"(anonymous_1)","decl":{"start":{"line":10,"column":7},"end":{"line":10,"column":13}},"loc":{"start":{"line":10,"column":7},"end":{"line":48,"column":1}}},"1":{"name":"(anonymous_2)","decl":{"start":{"line":13,"column":2},"end":{"line":13,"column":7}},"loc":{"start":{"line":13,"column":47},"end":{"line":47,"column":3}}}},"branchMap":{"0":{"loc":{"start":{"line":21,"column":4},"end":{"line":37,"column":5}},"type":"if","locations":[{"start":{"line":21,"column":4},"end":{"line":37,"column":5}},{"start":{"line":32,"column":11},"end":{"line":37,"column":5}}]},"1":{"loc":{"start":{"line":25,"column":6},"end":{"line":31,"column":7}},"type":"if","locations":[{"start":{"line":25,"column":6},"end":{"line":31,"column":7}},{"start":{"line":27,"column":13},"end":{"line":31,"column":7}}]},"2":{"loc":{"start":{"line":27,"column":13},"end":{"line":31,"column":7}},"type":"if","locations":[{"start":{"line":27,"column":13},"end":{"line":31,"column":7}},{"start":{},"end":{}}]},"3":{"loc":{"start":{"line":29,"column":18},"end":{"line":29,"column":48}},"type":"binary-expr","locations":[{"start":{"line":29,"column":18},"end":{"line":29,"column":37}},{"start":{"line":29,"column":41},"end":{"line":29,"column":48}}]},"4":{"loc":{"start":{"line":30,"column":18},"end":{"line":30,"column":43}},"type":"binary-expr","locations":[{"start":{"line":30,"column":18},"end":{"line":30,"column":35}},{"start":{"line":30,"column":39},"end":{"line":30,"column":43}}]},"5":{"loc":{"start":{"line":32,"column":11},"end":{"line":37,"column":5}},"type":"if","locations":[{"start":{"line":32,"column":11},"end":{"line":37,"column":5}},{"start":{"line":35,"column":11},"end":{"line":37,"column":5}}]},"6":{"loc":{"start":{"line":34,"column":16},"end":{"line":34,"column":44}},"type":"binary-expr","locations":[{"start":{"line":34,"column":16},"end":{"line":34,"column":33}},{"start":{"line":34,"column":37},"end":{"line":34,"column":44}}]},"7":{"loc":{"start":{"line":42,"column":10},"end":{"line":42,"column":32}},"type":"binary-expr","locations":[{"start":{"line":42,"column":10},"end":{"line":42,"column":17}},{"start":{"line":42,"column":21},"end":{"line":42,"column":32}}]}},"s":{"0":0,"1":0,"2":0,"3":0,"4":0,"5":0,"6":0,"7":0,"8":0,"9":0,"10":0,"11":0,"12":0,"13":0,"14":0,"15":0,"16":0,"17":0,"18":0,"19":0,"20":0,"21":0,"22":0,"23":0,"24":0},"f":{"0":0,"1":0},"b":{"0":[0,0],"1":[0,0],"2":[0,0],"3":[0,0],"4":[0,0],"5":[0,0],"6":[0,0],"7":[0,0]}}
,"/Users/lucas/Projects/perso/account-v2/functions/src/core/guards/firebase-auth.guard.ts": {"path":"/Users/lucas/Projects/perso/account-v2/functions/src/core/guards/firebase-auth.guard.ts","statementMap":{"0":{"start":{"line":1,"column":0},"end":{"line":1,"column":95}},"1":{"start":{"line":2,"column":0},"end":{"line":2,"column":40}},"2":{"start":{"line":10,"column":7},"end":{"line":64,"column":null}},"3":{"start":{"line":19,"column":20},"end":{"line":19,"column":55}},"4":{"start":{"line":20,"column":18},"end":{"line":20,"column":44}},"5":{"start":{"line":22,"column":4},"end":{"line":24,"column":5}},"6":{"start":{"line":23,"column":6},"end":{"line":23,"column":67}},"7":{"start":{"line":26,"column":4},"end":{"line":42,"column":5}},"8":{"start":{"line":27,"column":27},"end":{"line":27,"column":66}},"9":{"start":{"line":30,"column":6},"end":{"line":36,"column":8}},"10":{"start":{"line":38,"column":6},"end":{"line":38,"column":18}},"11":{"start":{"line":40,"column":27},"end":{"line":40,"column":81}},"12":{"start":{"line":41,"column":6},"end":{"line":41,"column":80}},"13":{"start":{"line":52,"column":23},"end":{"line":52,"column":53}},"14":{"start":{"line":53,"column":4},"end":{"line":55,"column":5}},"15":{"start":{"line":54,"column":6},"end":{"line":54,"column":18}},"16":{"start":{"line":57,"column":18},"end":{"line":57,"column":39}},"17":{"start":{"line":58,"column":4},"end":{"line":60,"column":5}},"18":{"start":{"line":59,"column":6},"end":{"line":59,"column":18}},"19":{"start":{"line":62,"column":4},"end":{"line":62,"column":20}},"20":{"start":{"line":10,"column":13},"end":{"line":10,"column":30}},"21":{"start":{"line":10,"column":13},"end":{"line":64,"column":null}}},"fnMap":{"0":{"name":"(anonymous_2)","decl":{"start":{"line":11,"column":2},"end":{"line":11,"column":17}},"loc":{"start":{"line":11,"column":2},"end":{"line":11,"column":18}}},"1":{"name":"(anonymous_3)","decl":{"start":{"line":18,"column":2},"end":{"line":18,"column":7}},"loc":{"start":{"line":18,"column":45},"end":{"line":43,"column":3}}},"2":{"name":"(anonymous_4)","decl":{"start":{"line":51,"column":10},"end":{"line":51,"column":22}},"loc":{"start":{"line":51,"column":35},"end":{"line":63,"column":3}}}},"branchMap":{"0":{"loc":{"start":{"line":22,"column":4},"end":{"line":24,"column":5}},"type":"if","locations":[{"start":{"line":22,"column":4},"end":{"line":24,"column":5}},{"start":{},"end":{}}]},"1":{"loc":{"start":{"line":40,"column":27},"end":{"line":40,"column":81}},"type":"cond-expr","locations":[{"start":{"line":40,"column":52},"end":{"line":40,"column":65}},{"start":{"line":40,"column":68},"end":{"line":40,"column":81}}]},"2":{"loc":{"start":{"line":52,"column":23},"end":{"line":52,"column":53}},"type":"cond-expr","locations":[{"start":{"line":52,"column":38},"end":{"line":52,"column":40}},{"start":{"line":52,"column":38},"end":{"line":52,"column":53}}]},"3":{"loc":{"start":{"line":52,"column":23},"end":{"line":52,"column":40}},"type":"binary-expr","locations":[{"start":{"line":52,"column":23},"end":{"line":52,"column":40}},{"start":{"line":52,"column":38},"end":{"line":52,"column":40}}]},"4":{"loc":{"start":{"line":53,"column":4},"end":{"line":55,"column":5}},"type":"if","locations":[{"start":{"line":53,"column":4},"end":{"line":55,"column":5}},{"start":{},"end":{}}]},"5":{"loc":{"start":{"line":58,"column":4},"end":{"line":60,"column":5}},"type":"if","locations":[{"start":{"line":58,"column":4},"end":{"line":60,"column":5}},{"start":{},"end":{}}]},"6":{"loc":{"start":{"line":58,"column":8},"end":{"line":58,"column":51}},"type":"binary-expr","locations":[{"start":{"line":58,"column":8},"end":{"line":58,"column":26}},{"start":{"line":58,"column":30},"end":{"line":58,"column":51}}]}},"s":{"0":3,"1":3,"2":3,"3":0,"4":0,"5":0,"6":0,"7":0,"8":0,"9":0,"10":0,"11":0,"12":0,"13":0,"14":0,"15":0,"16":0,"17":0,"18":0,"19":0,"20":3,"21":3},"f":{"0":20,"1":0,"2":0},"b":{"0":[0,0],"1":[0,0],"2":[0,0],"3":[0,0],"4":[0,0],"5":[0,0],"6":[0,0]}}
,"/Users/lucas/Projects/perso/account-v2/functions/src/payment-methods/payment-methods.controller.ts": {"path":"/Users/lucas/Projects/perso/account-v2/functions/src/payment-methods/payment-methods.controller.ts","statementMap":{"0":{"start":{"line":1,"column":0},"end":{"line":1,"column":null}},"1":{"start":{"line":11,"column":0},"end":{"line":11,"column":66}},"2":{"start":{"line":12,"column":0},"end":{"line":12,"column":73}},"3":{"start":{"line":13,"column":0},"end":{"line":13,"column":73}},"4":{"start":{"line":14,"column":0},"end":{"line":14,"column":71}},"5":{"start":{"line":18,"column":7},"end":{"line":48,"column":null}},"6":{"start":{"line":19,"column":31},"end":{"line":19,"column":54}},"7":{"start":{"line":23,"column":4},"end":{"line":23,"column":48}},"8":{"start":{"line":28,"column":4},"end":{"line":28,"column":50}},"9":{"start":{"line":33,"column":4},"end":{"line":33,"column":69}},"10":{"start":{"line":41,"column":4},"end":{"line":41,"column":73}},"11":{"start":{"line":46,"column":4},"end":{"line":46,"column":49}},"12":{"start":{"line":18,"column":13},"end":{"line":18,"column":37}},"13":{"start":{"line":22,"column":8},"end":{"line":24,"column":null}},"14":{"start":{"line":27,"column":8},"end":{"line":29,"column":null}},"15":{"start":{"line":32,"column":8},"end":{"line":34,"column":null}},"16":{"start":{"line":37,"column":8},"end":{"line":42,"column":null}},"17":{"start":{"line":45,"column":8},"end":{"line":47,"column":null}},"18":{"start":{"line":18,"column":13},"end":{"line":48,"column":null}}},"fnMap":{"0":{"name":"(anonymous_4)","decl":{"start":{"line":19,"column":2},"end":{"line":19,"column":31}},"loc":{"start":{"line":19,"column":75},"end":{"line":19,"column":79}}},"1":{"name":"(anonymous_5)","decl":{"start":{"line":22,"column":8},"end":{"line":22,"column":15}},"loc":{"start":{"line":22,"column":15},"end":{"line":24,"column":3}}},"2":{"name":"(anonymous_6)","decl":{"start":{"line":27,"column":8},"end":{"line":27,"column":15}},"loc":{"start":{"line":27,"column":39},"end":{"line":29,"column":3}}},"3":{"name":"(anonymous_7)","decl":{"start":{"line":32,"column":8},"end":{"line":32,"column":14}},"loc":{"start":{"line":32,"column":69},"end":{"line":34,"column":3}}},"4":{"name":"(anonymous_8)","decl":{"start":{"line":37,"column":8},"end":{"line":37,"column":14}},"loc":{"start":{"line":39,"column":58},"end":{"line":42,"column":3}}},"5":{"name":"(anonymous_9)","decl":{"start":{"line":45,"column":8},"end":{"line":45,"column":14}},"loc":{"start":{"line":45,"column":38},"end":{"line":47,"column":3}}}},"branchMap":{},"s":{"0":1,"1":1,"2":1,"3":1,"4":1,"5":1,"6":6,"7":1,"8":1,"9":1,"10":1,"11":1,"12":1,"13":1,"14":1,"15":1,"16":1,"17":1,"18":1},"f":{"0":6,"1":1,"2":1,"3":1,"4":1,"5":1},"b":{}}
,"/Users/lucas/Projects/perso/account-v2/functions/src/payment-methods/payment-methods.module.ts": {"path":"/Users/lucas/Projects/perso/account-v2/functions/src/payment-methods/payment-methods.module.ts","statementMap":{"0":{"start":{"line":1,"column":0},"end":{"line":1,"column":40}},"1":{"start":{"line":2,"column":0},"end":{"line":2,"column":72}},"2":{"start":{"line":3,"column":0},"end":{"line":3,"column":66}},"3":{"start":{"line":4,"column":0},"end":{"line":4,"column":63}},"4":{"start":{"line":11,"column":7},"end":{"line":11,"column":null}},"5":{"start":{"line":11,"column":13},"end":{"line":11,"column":33}},"6":{"start":{"line":11,"column":13},"end":{"line":11,"column":null}}},"fnMap":{},"branchMap":{},"s":{"0":0,"1":0,"2":0,"3":0,"4":0,"5":0,"6":0},"f":{},"b":{}}
,"/Users/lucas/Projects/perso/account-v2/functions/src/payment-methods/payment-methods.service.ts": {"path":"/Users/lucas/Projects/perso/account-v2/functions/src/payment-methods/payment-methods.service.ts","statementMap":{"0":{"start":{"line":1,"column":0},"end":{"line":1,"column":44}},"1":{"start":{"line":2,"column":0},"end":{"line":2,"column":53}},"2":{"start":{"line":5,"column":0},"end":{"line":5,"column":63}},"3":{"start":{"line":17,"column":7},"end":{"line":165,"column":null}},"4":{"start":{"line":19,"column":4},"end":{"line":19,"column":52}},"5":{"start":{"line":23,"column":4},"end":{"line":43,"column":5}},"6":{"start":{"line":24,"column":30},"end":{"line":28,"column":43}},"7":{"start":{"line":30,"column":6},"end":{"line":35,"column":7}},"8":{"start":{"line":31,"column":8},"end":{"line":34,"column":11}},"9":{"start":{"line":37,"column":6},"end":{"line":37,"column":24}},"10":{"start":{"line":39,"column":6},"end":{"line":42,"column":9}},"11":{"start":{"line":47,"column":4},"end":{"line":68,"column":5}},"12":{"start":{"line":48,"column":30},"end":{"line":53,"column":17}},"13":{"start":{"line":55,"column":6},"end":{"line":60,"column":7}},"14":{"start":{"line":56,"column":8},"end":{"line":59,"column":11}},"15":{"start":{"line":62,"column":6},"end":{"line":62,"column":18}},"16":{"start":{"line":64,"column":6},"end":{"line":67,"column":9}},"17":{"start":{"line":72,"column":4},"end":{"line":104,"column":5}},"18":{"start":{"line":73,"column":30},"end":{"line":82,"column":17}},"19":{"start":{"line":84,"column":6},"end":{"line":89,"column":7}},"20":{"start":{"line":85,"column":8},"end":{"line":88,"column":11}},"21":{"start":{"line":91,"column":21},"end":{"line":91,"column":26}},"22":{"start":{"line":92,"column":6},"end":{"line":96,"column":9}},"23":{"start":{"line":98,"column":6},"end":{"line":98,"column":20}},"24":{"start":{"line":100,"column":6},"end":{"line":103,"column":9}},"25":{"start":{"line":108,"column":4},"end":{"line":139,"column":5}},"26":{"start":{"line":109,"column":30},"end":{"line":118,"column":17}},"27":{"start":{"line":120,"column":6},"end":{"line":125,"column":7}},"28":{"start":{"line":121,"column":8},"end":{"line":124,"column":11}},"29":{"start":{"line":127,"column":21},"end":{"line":127,"column":26}},"30":{"start":{"line":128,"column":6},"end":{"line":131,"column":9}},"31":{"start":{"line":133,"column":6},"end":{"line":133,"column":20}},"32":{"start":{"line":135,"column":6},"end":{"line":138,"column":9}},"33":{"start":{"line":143,"column":4},"end":{"line":163,"column":5}},"34":{"start":{"line":144,"column":24},"end":{"line":148,"column":21}},"35":{"start":{"line":150,"column":6},"end":{"line":155,"column":7}},"36":{"start":{"line":151,"column":8},"end":{"line":154,"column":11}},"37":{"start":{"line":157,"column":6},"end":{"line":157,"column":83}},"38":{"start":{"line":159,"column":6},"end":{"line":162,"column":9}},"39":{"start":{"line":17,"column":13},"end":{"line":17,"column":34}},"40":{"start":{"line":17,"column":13},"end":{"line":165,"column":null}}},"fnMap":{"0":{"name":"(anonymous_2)","decl":{"start":{"line":18,"column":2},"end":{"line":18,"column":14}},"loc":{"start":{"line":18,"column":46},"end":{"line":20,"column":3}}},"1":{"name":"(anonymous_3)","decl":{"start":{"line":22,"column":2},"end":{"line":22,"column":7}},"loc":{"start":{"line":22,"column":15},"end":{"line":44,"column":3}}},"2":{"name":"(anonymous_4)","decl"
[...]
,"/Users/lucas/Projects/perso/account-v2/functions/src/transactions/transactions.service.ts": {"path":"/Users/lucas/Projects/perso/account-v2/functions/src/transactions/transactions.service.ts","statementMap":{"0":{"start":{"line":1,"column":0},"end":{"line":1,"column":92}},"1":{"start":{"line":2,"column":0},"end":{"line":2,"column":63}},"2":{"start":{"line":11,"column":32},"end":{"line":340,"column":null}},"3":{"start":{"line":15,"column":21},"end":{"line":15,"column":31}},"4":{"start":{"line":17,"column":4},"end":{"line":17,"column":55}},"5":{"start":{"line":28,"column":4},"end":{"line":28,"column":46}},"6":{"start":{"line":30,"column":4},"end":{"line":35,"column":7}},"7":{"start":{"line":37,"column":4},"end":{"line":82,"column":5}},"8":{"start":{"line":38,"column":30},"end":{"line":56,"column":17}},"9":{"start":{"line":58,"column":6},"end":{"line":65,"column":7}},"10":{"start":{"line":59,"column":8},"end":{"line":63,"column":11}},"11":{"start":{"line":64,"column":8},"end":{"line":64,"column":87}},"12":{"start":{"line":67,"column":6},"end":{"line":72,"column":9}},"13":{"start":{"line":74,"column":6},"end":{"line":74,"column":18}},"14":{"start":{"line":76,"column":6},"end":{"line":80,"column":9}},"15":{"start":{"line":81,"column":6},"end":{"line":81,"column":112}},"16":{"start":{"line":97,"column":4},"end":{"line":97,"column":75}},"17":{"start":{"line":99,"column":4},"end":{"line":139,"column":5}},"18":{"start":{"line":100,"column":21},"end":{"line":100,"column":39}},"19":{"start":{"line":102,"column":30},"end":{"line":107,"column":29}},"20":{"start":{"line":109,"column":6},"end":{"line":116,"column":7}},"21":{"start":{"line":110,"column":8},"end":{"line":114,"column":11}},"22":{"start":{"line":115,"column":8},"end":{"line":115,"column":88}},"23":{"start":{"line":118,"column":20},"end":{"line":118,"column":61}},"24":{"start":{"line":120,"column":6},"end":{"line":131,"column":8}},"25":{"start":{"line":133,"column":6},"end":{"line":137,"column":9}},"26":{"start":{"line":138,"column":6},"end":{"line":138,"column":113}},"27":{"start":{"line":152,"column":4},"end":{"line":152,"column":46}},"28":{"start":{"line":154,"column":4},"end":{"line":154,"column":75}},"29":{"start":{"line":156,"column":4},"end":{"line":193,"column":5}},"30":{"start":{"line":157,"column":30},"end":{"line":162,"column":17}},"31":{"start":{"line":164,"column":6},"end":{"line":171,"column":7}},"32":{"start":{"line":165,"column":8},"end":{"line":169,"column":11}},"33":{"start":{"line":170,"column":8},"end":{"line":170,"column":85}},"34":{"start":{"line":173,"column":6},"end":{"line":175,"column":7}},"35":{"start":{"line":174,"column":8},"end":{"line":174,"column":61}},"36":{"start":{"line":177,"column":6},"end":{"line":180,"column":9}},"37":{"start":{"line":182,"column":6},"end":{"line":185,"column":8}},"38":{"start":{"line":187,"column":6},"end":{"line":191,"column":9}},"39":{"start":{"line":192,"column":6},"end":{"line":192,"column":113}},"40":{"start":{"line":202,"column":4},"end":{"line":216,"column":5}},"41":{"start":{"line":203,"column":24},"end":{"line":207,"column":17}},"42":{"start":{"line":209,"column":6},"end":{"line":209,"column":24}},"43":{"start":{"line":211,"column":6},"end":{"line":214,"column":9}},"44":{"start":{"line":215,"column":6},"end":{"line":215,"column":15}},"45":{"start":{"line":226,"column":4},"end":{"line":226,"column":75}},"46":{"start":{"line":228,"column":4},"end":{"line":256,"column":5}},"47":{"start":{"line":229,"column":24},"end":{"line":232,"column":21}},"48":{"start":{"line":234,"column":6},"end":{"line":241,"column":7}},"49":{"start":{"line":235,"column":8},"end":{"line":239,"column":11}},"50":{"start":{"line":240,"column":8},"end":{"line":240,"column":87}},"51":{"start":{"line":243,"column":6},"end":{"line":246,"column":9}},"52":{"start":{"line":248,"column":6},"end":{"line":248,"column":31}},"53":{"start":{"line":250,"column":6},"end":{"line":254,"column":9}},"54":{"start":{"line":255,"column":6},"end":{"line":255,"column":113}},"55":{"start":{"line":265,"column":4},"end":{"line":265,"column":78}},"56":{"start":{"line":267,"column":4},"end":{"line":301,"column":5}},"57":{"start":{"line":268,"column":23},"end":{"line":272,"column":44}},"58":{"start":{"line":274,"column":27},"end":{"line":274,"column":37}},"59":{"start":{"line":275,"column":21},"end":{"line":277,"column":54}},"60":{"start":{"line":276,"column":28},"end":{"line":276,"column":47}},"61":{"start":{"line":277,"column":28},"end":{"line":277,"column":50}},"62":{"start":{"line":279,"column":23},"end":{"line":281,"column":54}},"63":{"start":{"line":280,"column":28},"end":{"line":280,"column":48}},"64":{"start":{"line":281,"column":28},"end":{"line":281,"column":50}},"65":{"start":{"line":283,"column":22},"end":{"line":283,"column":39}},"66":{"start":{"line":285,"column":6},"end":{"line":293,"column":8}},"67":{"start":{"line":295,"column":6},"end":{"line":299,"column":9}},"68":{"start":{"line":300,"column":6},"end":{"line":300,"column":106}},"69":{"start":{"line":310,"column":4},"end":{"line":312,"column":5}},"70":{"start":{"line":311,"column":6},"end":{"line":311,"column":69}},"71":{"start":{"line":314,"column":4},"end":{"line":316,"column":5}},"72":{"start":{"line":315,"column":6},"end":{"line":315,"column":72}},"73":{"start":{"line":318,"column":4},"end":{"line":320,"column":5}},"74":{"start":{"line":319,"column":6},"end":{"line":319,"column":63}},"75":{"start":{"line":330,"column":23},"end":{"line":330,"column":39}},"76":{"start":{"line":332,"column":4},"end":{"line":334,"column":5}},"77":{"start":{"line":333,"column":6},"end":{"line":333,"column":69}},"78":{"start":{"line":336,"column":4},"end":{"line":338,"column":5}},"79":{"start":{"line":337,"column":6},"end":{"line":337,"column":72}},"80":{"start":{"line":11,"column":13},"end":{"line":11,"column":32}},"81":{"start":{"line":11,"column":13},"end":{"line":340,"column":null}}},"fnMap":{"0":{"name":"(anonymous_2)","decl":{"start":{"line":14,"column":2},"end":{"line":14,"column":null}},"loc":{"start":{"line":15,"column":46},"end":{"line":18,"column":3}}},"1":{"name":"(anonymous_3)","decl":{"start":{"line":26,"column":2},"end":{"line":26,"column":7}},"loc":{"start":{"line":26,"column":46},"end":{"line":83,"column":3}}},"2":{"name":"(anonymous_4)","decl":{"start":{"line":92,"column":2},"end":{"line":92,"column":7}},"loc":{"start":{"line":95,"column":22},"end":{"line":140,"column":3}}},"3":{"name":"(anonymous_5)","decl":{"start":{"line":150,"column":2},"end":{"line":150,"column":7}},"loc":{"start":{"line":150,"column":58},"end":{"line":194,"column":3}}},"4":{"name":"(anonymous_6)","decl":{"start":{"line":201,"column":10},"end":{"line":201,"column":15}},"loc":{"start":{"line":201,"column":53},"end":{"line":217,"column":3}}},"5":{"name":"(anonymous_7)","decl":{"start":{"line":225,"column":2},"end":{"line":225,"column":7}},"loc":{"start":{"line":225,"column":25},"end":{"line":257,"column":3}}},"6":{"name":"(anonymous_8)","decl":{"start":{"line":264,"column":2},"end":{"line":264,"column":7}},"loc":{"start":{"line":264,"column":36},"end":{"line":302,"column":3}}},"7":{"name":"(anonymous_9)","decl":{"start":{"line":276,"column":16},"end":{"line":276,"column":17}},"loc":{"start":{"line":276,"column":28},"end":{"line":276,"column":47}}},"8":{"name":"(anonymous_10)","decl":{"start":{"line":277,"column":16},"end":{"line":277,"column":17}},"loc":{"start":{"line":277,"column":28},"end":{"line":277,"column":50}}},"9":{"name":"(anonymous_11)","decl":{"start":{"line":280,"column":16},"end":{"line":280,"column":17}},"loc":{"start":{"line":280,"column":28},"end":{"line":280,"column":48}}},"10":{"name":"(anonymous_12)","decl":{"start":{"line":281,"column":16},"end":{"line":281,"column":17}},"loc":{"start":{"line":281,"column":28},"end":{"line":281,"column":50}}},"11":{"name":"(anonymous_13)","decl":{"start":{"line":309,"column":10},"end":{"line":309,"column":35}},"loc":{"start":{"line":309,"column":67},"end":{"line":321,"column":3}}},"12":{"name":"(anonymous_14)","decl":{"start":{"line":328,"column":10},"end":{"line":328,"column":35}},"loc":{"start":{"line":328,"column":67},"end":{"line":339,"column":3}}}},"branchMap":{"0":{"loc":{"start":{"line":44,"column":20},"end":{"line":44,"column":47}},"type":"binary-expr","locations":[{"start":{"line":44,"column":20},"end":{"line":44,"column":38}},{"start":{"line":44,"column":42},"end":{"line":44,"column":47}}]},"1":{"loc":{"start":{"line":52,"column":33},"end":{"line":52,"column":77}},"type":"binary-expr","locations":[{"start":{"line":52,"column":33},"end":{"line":52,"column":64}},{"start":{"line":52,"column":68},"end":{"line":52,"column":77}}]},"2":{"loc":{"start":{"line":53,"column":20},"end":{"line":53,"column":44}},"type":"binary-expr","locations":[{"start":{"line":53,"column":20},"end":{"line":53,"column":38}},{"start":{"line":53,"column":42},"end":{"line":53,"column":44}}]},"3":{"loc":{"start":{"line":58,"column":6},"end":{"line":65,"column":7}},"type":"if","locations":[{"start":{"line":58,"column":6},"end":{"line":65,"column":7}},{"start":{},"end":{}}]},"4":{"loc":{"start":{"line":77,"column":15},"end":{"line":77,"column":69}},"type":"cond-expr","locations":[{"start":{"line":77,"column":40},"end":{"line":77,"column":53}},{"start":{"line":77,"column":56},"end":{"line":77,"column":69}}]},"5":{"loc":{"start":{"line":81,"column":54},"end":{"line":81,"column":108}},"type":"cond-expr","locations":[{"start":{"line":81,"column":79},"end":{"line":81,"column":92}},{"start":{"line":81,"column":95},"end":{"line":81,"column":108}}]},"6":{"loc":{"start":{"line":94,"column":4},"end":{"line":94,"column":20}},"type":"default-arg","locations":[{"start":{"line":94,"column":19},"end":{"line":94,"column":20}}]},"7":{"loc":{"start":{"line":95,"column":4},"end":{"line":95,"column":22}},"type":"default-arg","locations":[{"start":{"line":95,"column":20},"end":{"line":95,"column":22}}]},"8":{"loc":{"start":{"line":109,"column":6},"end":{"line":116,"column":7}},"type":"if","locations":[{"start":{"line":109,"column":6},"end":{"line":116,"column":7}},{"start":{},"end":{}}]},"9":{"loc":{"start":{"line":123,"column":24},"end":{"line":123,"column":34}},"type":"binary-expr","locations":[{"start":{"line":123,"column":24},"end":{"line":123,"column":28}},{"start":{"line":123,"column":32},"end":{"line":123,"column":34}}]},"10":{"loc":{"start":{"line":134,"column":15},"end":{"line":134,"column":69}},"type":"cond-expr","locations":[{"start":{"line":134,"column":40},"end":{"line":134,"column":53}},{"start":{"line":134,"column":56},"end":{"line":134,"column":69}}]},"11":{"loc":{"start":{"line":138,"column":55},"end":{"line":138,"column":109}},"type":"cond-expr","locations":[{"start":{"line":138,"column":80},"end":{"line":138,"column":93}},{"start":{"line":138,"column":96},"end":{"line":138,"column":109}}]},"12":{"loc":{"start":{"line":164,"column":6},"end":{"line":171,"column":7}},"type":"if","locations":[{"start":{"line":164,"column":6},"end":{"line":171,"column":7}},{"start":{},"end":{}}]},"13":{"loc":{"start":{"line":173,"column":6},"end":{"line":175,"column":7}},"type":"if","locations":[{"start":{"line":173,"column":6},"end":{"line":175,"column":7}},{"start":{},"end":{}}]},"14":{"loc":{"start":{"line":188,"column":15},"end":{"line":188,"column":69}},"type":"cond-expr","locations":[{"start":{"line":188,"column":40},"end":{"line":188,"column":53}},{"start":{"line":188,"column":56},"end":{"line":188,"column":69}}]},"15":{"loc":{"start":{"line":192,"column":55},"end":{"line":192,"column":109}},"type":"cond-expr","locations":[{"start":{"line":192,"column":80},"end":{"line":192,"column":93}},{"start":{"line":192,"column":96},"end":{"line":192,"column":109}}]},"16":{"loc":{"start":{"line":209,"column":13},"end":{"line":209,"column":23}},"type":"binary-expr","locations":[{"start":{"line":209,"column":13},"end":{"line":209,"column":18}},{"start":{"line":209,"column":22},"end":{"line":209,"column":23}}]},"17":{"loc":{"start":{"line":212,"column":15},"end":{"line":212,"column":69}},"type":"cond-expr","locations":[{"start":{"line":212,"column":40},"end":{"line":212,"column":53}},{"start":{"line":212,"column":56},"end":{"line":212,"column":69}}]},"18":{"loc":{"start":{"line":234,"column":6},"end":{"line":241,"column":7}},"type":"if","locations":[{"start":{"line":234,"column":6},"end":{"line":241,"column":7}},{"start":{},"end":{}}]},"19":{"loc":{"start":{"line":251,"column":15},"end":{"line":251,"column":69}},"type":"cond-expr","locations":[{"start":{"line":251,"column":40},"end":{"line":251,"column":53}},{"start":{"line":251,"column":56},"end":{"line":251,"column":69}}]},"20":{"loc":{"start":{"line":255,"column":55},"end":{"line":255,"column":109}},"type":"cond-expr","locations":[{"start":{"line":255,"column":80},"end":{"line":255,"column":93}},{"start":{"line":255,"column":96},"end":{"line":255,"column":109}}]},"21":{"loc":{"start":{"line":274,"column":27},"end":{"line":274,"column":37}},"type":"binary-expr","locations":[{"start":{"line":274,"column":27},"end":{"line":274,"column":31}},{"start":{"line":274,"column":35},"end":{"line":274,"column":37}}]},"22":{"loc":{"start":{"line":296,"column":15},"end":{"line":296,"column":69}},"type":"cond-expr","locations":[{"start":{"line":296,"column":40},"end":{"line":296,"column":53}},{"start":{"line":296,"column":56},"end":{"line":296,"column":69}}]},"23":{"loc":{"start":{"line":300,"column":48},"end":{"line":300,"column":102}},"type":"cond-expr","locations":[{"start":{"line":300,"column":73},"end":{"line":300,"column":86}},{"start":{"line":300,"column":89},"end":{"line":300,"column":102}}]},"24":{"loc":{"start":{"line":310,"column":4},"end":{"line":312,"column":5}},"type":"if","locations":[{"start":{"line":310,"column":4},"end":{"line":312,"column":5}},{"start":{},"end":{}}]},"25":{"loc":{"start":{"line":310,"column":8},"end":{"line":310,"column":50}},"type":"binary-expr","locations":[{"start":{"line":310,"column":8},"end":{"line":310,"column":25}},{"start":{"line":310,"column":29},"end":{"line":310,"column":50}}]},"26":{"loc":{"start":{"line":314,"column":4},"end":{"line":316,"column":5}},"type":"if","locations":[{"start":{"line":314,"column":4},"end":{"line":316,"column":5}},{"start":{},"end":{}}]},"27":{"loc":{"start":{"line":318,"column":4},"end":{"line":320,"column":5}},"type":"if","locations":[{"start":{"line":318,"column":4},"end":{"line":320,"column":5}},{"start":{},"end":{}}]},"28":{"loc":{"start":{"line":318,"column":9},"end":{"line":318,"column":38}},"type":"cond-expr","locations":[{"start":{"line":318,"column":30},"end":{"line":318,"column":32}},{"start":{"line":318,"column":30},"end":{"line":318,"column":38}}]},"29":{"loc":{"start":{"line":318,"column":9},"end":{"line":318,"column":32}},"type":"binary-expr","locations":[{"start":{"line":318,"column":9},"end":{"line":318,"column":32}},{"start":{"line":318,"column":30},"end":{"line":318,"column":32}}]},"30":{"loc":{"start":{"line":332,"column":4},"end":{"line":334,"column":5}},"type":"if","locations":[{"start":{"line":332,"column":4},"end":{"line":334,"column":5}},{"start":{},"end":{}}]},"31":{"loc":{"start":{"line":332,"column":8},"end":{"line":332,"column":51}},"type":"binary-expr","locations":[{"start":{"line":332,"column":8},"end":{"line":332,"column":25}},{"start":{"line":332,"column":29},"end":{"line":332,"column":51}}]},"32":{"loc":{"start":{"line":336,"column":4},"end":{"line":338,"column":5}},"type":"if","locations":[{"start":{"line":336,"column":4},"end":{"line":338,"column":5}},{"start":{},"end":{}}]}},"s":{"0":0,"1":0,"2":0,"3":0,"4":0,"5":0,"6":0,"7":0,"8":0,"9":0,"10":0,"11":0,"12":0,"13":0,"14":0,"15":0,"16":0,"17":0,"18":0,"19":0,"20":0,"21":0,"22":0,"23":0,"24":0,"25":0,"26":0,"27":0,"28":0,"29":0,"30":0,"31":0,"32":0,"33":0,"34":0,"35":0,"36":0,"37":0,"38":0,"39":0,"40":0,"41":0,"42":0,"43":0,"44":0,"45":0,"46":0,"47":0,"48":0,"49":0,"50":0,"51":0,"52":0,"53":0,"54":0,"55":0,"56":0,"57":0,"58":0,"59":0,"60":0,"61":0,"62":0,"63":0,"64":0,"65":0,"66":0,"67":0,"68":0,"69":0,"70":0,"71":0,"72":0,"73":0,"74":0,"75":0,"76":0,"77":0,"78":0,"79":0,"80":0,"81":0},"f":{"0":0,"1":0,"2":0,"3":0,"4":0,"5":0,"6":0,"7":0,"8":0,"9":0,"10":0,"11":0,"12":0},"b":{"0":[0,0],"1":[0,0],"2":[0,0],"3":[0,0],"4":[0,0],"5":[0,0],"6":[0],"7":[0],"8":[0,0],"9":[0,0],"10":[0,0],"11":[0,0],"12":[0,0],"13":[0,0],"14":[0,0],"15":[0,0],"16":[0,0],"17":[0,0],"18":[0,0],"19":[0,0],"20":[0,0],"21":[0,0],"22":[0,0],"23":[0,0],"24":[0,0],"25":[0,0],"26":[0,0],"27":[0,0],"28":[0,0],"29":[0,0],"30":[0,0],"31":[0,0],"32":[0,0]}}
,"/Users/lucas/Projects/perso/account-v2/functions/src/transactions/dtos/create-transaction.dto.ts": {"path":"/Users/lucas/Projects/perso/account-v2/functions/src/transactions/dtos/create-transaction.dto.ts","statementMap":{"0":{"start":{"line":1,"column":0},"end":{"line":1,"column":null}},"1":{"start":{"line":12,"column":0},"end":{"line":12,"column":40}},"2":{"start":{"line":18,"column":0},"end":{"line":18,"column":13}},"3":{"start":{"line":23,"column":2},"end":{"line":23,"column":null}},"4":{"start":{"line":29,"column":2},"end":{"line":29,"column":null}},"5":{"start":{"line":37,"column":2},"end":{"line":37,"column":null}},"6":{"start":{"line":46,"column":2},"end":{"line":46,"column":null}},"7":{"start":{"line":53,"column":2},"end":{"line":53,"column":null}},"8":{"start":{"line":52,"column":14},"end":{"line":52,"column":18}},"9":{"start":{"line":60,"column":2},"end":{"line":60,"column":null}},"10":{"start":{"line":68,"column":2},"end":{"line":68,"column":null}},"11":{"start":{"line":75,"column":2},"end":{"line":75,"column":null}},"12":{"start":{"line":82,"column":2},"end":{"line":82,"column":null}},"13":{"start":{"line":89,"column":2},"end":{"line":89,"column":null}},"14":{"start":{"line":96,"column":2},"end":{"line":96,"column":null}},"15":{"start":{"line":104,"column":2},"end":{"line":104,"column":null}},"16":{"start":{"line":111,"column":2},"end":{"line":111,"column":null}}},"fnMap":{"0":{"name":"(anonymous_2)","decl":{"start":{"line":52,"column":8},"end":{"line":52,"column":11}},"loc":{"start":{"line":52,"column":14},"end":{"line":52,"column":18}}}},"branchMap":{},"s":{"0":0,"1":0,"2":0,"3":0,"4":0,"5":0,"6":0,"7":0,"8":0,"9":0,"10":0,"11":0,"12":0,"13":0,"14":0,"15":0,"16":0},"f":{"0":0},"b":{}}
,"/Users/lucas/Projects/perso/account-v2/functions/src/transactions/dtos/transaction-response.dto.ts": {"path":"/Users/lucas/Projects/perso/account-v2/functions/src/transactions/dtos/transaction-response.dto.ts","statementMap":{"0":{"start":{"line":5,"column":0},"end":{"line":5,"column":13}},"1":{"start":{"line":29,"column":0},"end":{"line":29,"column":13}},"2":{"start":{"line":41,"column":0},"end":{"line":41,"column":13}},"3":{"start":{"line":53,"column":0},"end":{"line":53,"column":13}}},"fnMap":{},"branchMap":{},"s":{"0":0,"1":0,"2":0,"3":0},"f":{},"b":{}}
,"/Users/lucas/Projects/perso/account-v2/functions/src/transactions/dtos/update-transaction.dto.ts": {"path":"/Users/lucas/Projects/perso/account-v2/functions/src/transactions/dtos/update-transaction.dto.ts","statementMap":{"0":{"start":{"line":1,"column":0},"end":{"line":1,"column":72}},"1":{"start":{"line":7,"column":0},"end":{"line":7,"column":13}},"2":{"start":{"line":13,"column":2},"end":{"line":13,"column":null}},"3":{"start":{"line":20,"column":2},"end":{"line":20,"column":null}},"4":{"start":{"line":27,"column":2},"end":{"line":27,"column":null}},"5":{"start":{"line":34,"column":2},"end":{"line":34,"column":null}},"6":{"start":{"line":40,"column":2},"end":{"line":40,"column":null}},"7":{"start":{"line":47,"column":2},"end":{"line":47,"column":null}},"8":{"start":{"line":54,"column":2},"end":{"line":54,"column":null}}},"fnMap":{},"branchMap":{},"s":{"0":0,"1":0,"2":0,"3":0,"4":0,"5":0,"6":0,"7":0,"8":0},"f":{},"b":{}}
}
