TN:
SF:src/app.controller.ts
FN:22,(anonymous_2)
FN:29,(anonymous_3)
FN:41,(anonymous_4)
FNF:3
FNH:0
FNDA:0,(anonymous_2)
FNDA:0,(anonymous_3)
FNDA:0,(anonymous_4)
DA:1,0
DA:2,0
DA:21,0
DA:22,0
DA:29,0
DA:30,0
DA:41,0
DA:42,0
LF:8
LH:0
BRF:0
BRH:0
end_of_record
TN:
SF:src/app.module.ts
FNF:0
FNH:0
DA:1,0
DA:2,0
DA:3,0
DA:4,0
DA:5,0
DA:6,0
DA:7,0
DA:8,0
DA:9,0
DA:10,0
DA:11,0
DA:12,0
DA:13,0
DA:14,0
DA:15,0
DA:16,0
DA:55,0
LF:17
LH:0
BRF:0
BRH:0
end_of_record
TN:
SF:src/app.service.ts
FN:8,(anonymous_1)
FN:15,(anonymous_2)
FN:24,(anonymous_3)
FN:32,(anonymous_4)
FN:40,(anonymous_5)
FNF:5
FNH:0
FNDA:0,(anonymous_1)
FNDA:0,(anonymous_2)
FNDA:0,(anonymous_3)
FNDA:0,(anonymous_4)
FNDA:0,(anonymous_5)
DA:1,0
DA:8,0
DA:9,0
DA:16,0
DA:17,0
DA:25,0
DA:33,0
DA:41,0
LF:8
LH:0
BRDA:33,0,0,0
BRDA:33,0,1,0
BRF:2
BRH:0
end_of_record
TN:
SF:src/accounts/accounts.controller.ts
FN:21,(anonymous_4)
FN:24,(anonymous_5)
FN:29,(anonymous_6)
FN:34,(anonymous_7)
FN:39,(anonymous_8)
FN:48,(anonymous_9)
FNF:6
FNH:6
FNDA:7,(anonymous_4)
FNDA:2,(anonymous_5)
FNDA:1,(anonymous_6)
FNDA:1,(anonymous_7)
FNDA:1,(anonymous_8)
FNDA:1,(anonymous_9)
DA:1,1
DA:13,1
DA:14,1
DA:15,1
DA:16,1
DA:20,1
DA:21,7
DA:24,1
DA:25,2
DA:29,1
DA:30,1
DA:34,1
DA:35,1
DA:39,1
DA:44,1
DA:48,1
DA:49,1
LF:17
LH:17
BRF:0
BRH:0
end_of_record
TN:
SF:src/accounts/accounts.module.ts
FNF:0
FNH:0
DA:1,0
DA:2,0
DA:3,0
DA:4,0
DA:11,0
LF:5
LH:0
BRF:0
BRH:0
end_of_record
TN:
SF:src/accounts/accounts.service.ts
FN:20,(anonymous_2)
FN:24,(anonymous_3)
FN:57,(anonymous_4)
FN:85,(anonymous_5)
FN:123,(anonymous_6)
FN:161,(anonymous_7)
FNF:6
FNH:0
FNDA:0,(anonymous_2)
FNDA:0,(anonymous_3)
FNDA:0,(anonymous_4)
FNDA:0,(anonymous_5)
FNDA:0,(anonymous_6)
FNDA:0,(anonymous_7)
DA:1,1
DA:2,1
DA:5,1
DA:19,1
DA:21,0
DA:25,0
DA:26,0
DA:33,0
DA:34,0
DA:37,0
DA:39,0
DA:40,0
DA:47,0
DA:49,0
DA:58,0
DA:59,0
DA:67,0
DA:68,0
DA:75,0
DA:77,0
DA:86,0
DA:87,0
DA:99,0
DA:100,0
DA:107,0
DA:113,0
DA:115,0
DA:124,0
DA:125,0
DA:137,0
DA:138,0
DA:145,0
DA:151,0
DA:153,0
DA:162,0
DA:163,0
DA:170,0
DA:171,0
DA:178,0
DA:180,0
LF:40
LH:4
BRDA:33,0,0,0
BRDA:33,0,1,0
BRDA:39,1,0,0
BRDA:39,1,1,0
BRDA:47,2,0,0
BRDA:47,2,1,0
BRDA:67,3,0,0
BRDA:67,3,1,0
BRDA:99,4,0,0
BRDA:99,4,1,0
BRDA:137,5,0,0
BRDA:137,5,1,0
BRDA:170,6,0,0
BRDA:170,6,1,0
BRF:14
BRH:0
end_of_record
TN:
SF:src/accounts/dto/create-account.dto.ts
FNF:0
FNH:0
DA:1,1
DA:3,1
DA:6,1
DA:11,1
DA:16,1
DA:20,1
LF:6
LH:6
BRF:0
BRH:0
end_of_record
TN:
SF:src/accounts/dto/update-account.dto.ts
FNF:0
FNH:0
DA:1,1
DA:3,1
DA:7,1
DA:12,1
DA:17,1
DA:21,1
LF:6
LH:6
BRF:0
BRH:0
end_of_record
TN:
SF:src/auth/auth.controller.ts
FN:8,(anonymous_4)
FN:15,(anonymous_5)
FN:22,(anonymous_6)
FN:33,(anonymous_7)
FN:46,(anonymous_8)
FNF:5
FNH:0
FNDA:0,(anonymous_4)
FNDA:0,(anonymous_5)
FNDA:0,(anonymous_6)
FNDA:0,(anonymous_7)
FNDA:0,(anonymous_8)
DA:1,0
DA:2,0
DA:5,0
DA:8,0
DA:11,0
DA:15,0
DA:17,0
DA:22,0
DA:23,0
DA:33,0
DA:36,0
DA:46,0
DA:47,0
LF:13
LH:0
BRF:0
BRH:0
end_of_record
TN:
SF:src/auth/auth.module.ts
FNF:0
FNH:0
DA:1,0
DA:2,0
DA:7,0
LF:3
LH:0
BRF:0
BRH:0
end_of_record
TN:
SF:src/budgets/ai-budget.service.ts
FN:6,(anonymous_2)
FN:11,(anonymous_3)
FN:22,(anonymous_4)
FN:49,(anonymous_5)
FN:58,(anonymous_6)
FN:78,(anonymous_7)
FN:82,(anonymous_8)
FN:91,(anonymous_9)
FN:92,(anonymous_10)
FN:98,(anonymous_11)
FN:110,(anonymous_12)
FN:122,(anonymous_13)
FN:123,(anonymous_14)
FN:124,(anonymous_15)
FN:125,(anonymous_16)
FN:149,(anonymous_17)
FN:180,(anonymous_18)
FNF:17
FNH:0
FNDA:0,(anonymous_2)
FNDA:0,(anonymous_3)
FNDA:0,(anonymous_4)
FNDA:0,(anonymous_5)
FNDA:0,(anonymous_6)
FNDA:0,(anonymous_7)
FNDA:0,(anonymous_8)
FNDA:0,(anonymous_9)
FNDA:0,(anonymous_10)
FNDA:0,(anonymous_11)
FNDA:0,(anonymous_12)
FNDA:0,(anonymous_13)
FNDA:0,(anonymous_14)
FNDA:0,(anonymous_15)
FNDA:0,(anonymous_16)
FNDA:0,(anonymous_17)
FNDA:0,(anonymous_18)
DA:1,0
DA:2,0
DA:5,0
DA:6,0
DA:12,0
DA:13,0
DA:15,0
DA:24,0
DA:32,0
DA:34,0
DA:35,0
DA:36,0
DA:37,0
DA:44,0
DA:45,0
DA:46,0
DA:50,0
DA:53,0
DA:58,0
DA:61,0
DA:70,0
DA:71,0
DA:74,0
DA:76,0
DA:78,0
DA:82,0
DA:83,0
DA:91,0
DA:92,0
DA:93,0
DA:97,0
DA:98,0
DA:99,0
DA:100,0
DA:101,0
DA:102,0
DA:106,0
DA:107,0
DA:108,0
DA:110,0
DA:112,0
DA:113,0
DA:121,0
DA:122,0
DA:123,0
DA:124,0
DA:125,0
DA:127,0
DA:128,0
DA:131,0
DA:134,0
DA:139,0
DA:140,0
DA:147,0
DA:149,0
DA:150,0
DA:151,0
DA:152,0
DA:154,0
DA:156,0
DA:158,0
DA:159,0
DA:161,0
DA:164,0
DA:167,0
DA:168,0
DA:171,0
DA:180,0
LF:68
LH:0
BRDA:34,0,0,0
BRDA:34,0,1,0
BRDA:34,1,0,0
BRDA:34,1,1,0
BRDA:58,2,0,0
BRDA:58,2,1,0
BRDA:70,3,0,0
BRDA:70,3,1,0
BRDA:76,4,0,0
BRDA:76,4,1,0
BRDA:76,5,0,0
BRDA:76,5,1,0
BRDA:91,6,0,0
BRDA:91,6,1,0
BRDA:93,7,0,0
BRDA:93,7,1,0
BRDA:99,8,0,0
BRDA:99,8,1,0
BRDA:100,9,0,0
BRDA:100,9,1,0
BRDA:102,10,0,0
BRDA:102,10,1,0
BRDA:113,11,0,0
BRDA:113,11,1,0
BRDA:134,12,0,0
BRDA:134,12,1,0
BRDA:139,13,0,0
BRDA:139,13,1,0
BRDA:152,14,0,0
BRDA:152,14,1,0
BRDA:152,15,0,0
BRDA:152,15,1,0
BRDA:152,16,0,0
BRDA:152,16,1,0
BRDA:156,17,0,0
BRDA:156,17,1,0
BRDA:156,18,0,0
BRDA:156,18,1,0
BRDA:159,19,0,0
BRDA:159,19,1,0
BRDA:167,20,0,0
BRDA:167,20,1,0
BRDA:167,21,0,0
BRDA:167,21,1,0
BRDA:167,22,0,0
BRDA:167,22,1,0
BRDA:175,23,0,0
BRDA:175,23,1,0
BRDA:176,24,0,0
BRDA:176,24,1,0
BRDA:176,25,0,0
BRDA:176,25,1,0
BRDA:176,26,0,0
BRDA:176,26,1,0
BRDA:180,27,0,0
BRDA:180,27,1,0
BRF:56
BRH:0
end_of_record
TN:
SF:src/budgets/budget-templates.controller.ts
FN:8,(anonymous_4)
FN:11,(anonymous_5)
FN:20,(anonymous_6)
FN:32,(anonymous_7)
FN:41,(anonymous_8)
FN:51,(anonymous_9)
FNF:6
FNH:0
FNDA:0,(anonymous_4)
FNDA:0,(anonymous_5)
FNDA:0,(anonymous_6)
FNDA:0,(anonymous_7)
FNDA:0,(anonymous_8)
FNDA:0,(anonymous_9)
DA:1,0
DA:2,0
DA:3,0
DA:7,0
DA:8,0
DA:11,0
DA:15,0
DA:16,0
DA:20,0
DA:24,0
DA:25,0
DA:27,0
DA:28,0
DA:32,0
DA:36,0
DA:37,0
DA:41,0
DA:46,0
DA:47,0
DA:51,0
DA:55,0
DA:56,0
LF:22
LH:0
BRDA:24,0,0,0
BRDA:24,0,1,0
BRF:2
BRH:0
end_of_record
TN:
SF:src/budgets/budget-templates.service.ts
FN:18,(anonymous_2)
FN:20,(anonymous_3)
FN:31,(anonymous_4)
FN:43,(anonymous_5)
FN:55,(anonymous_6)
FN:68,(anonymous_7)
FNF:6
FNH:0
FNDA:0,(anonymous_2)
FNDA:0,(anonymous_3)
FNDA:0,(anonymous_4)
FNDA:0,(anonymous_5)
FNDA:0,(anonymous_6)
FNDA:0,(anonymous_7)
DA:1,0
DA:2,0
DA:17,0
DA:18,0
DA:21,0
DA:27,0
DA:28,0
DA:32,0
DA:39,0
DA:40,0
DA:44,0
DA:51,0
DA:52,0
DA:56,0
DA:64,0
DA:65,0
DA:69,0
DA:75,0
DA:76,0
LF:19
LH:0
BRDA:27,0,0,0
BRDA:27,0,1,0
BRDA:39,1,0,0
BRDA:39,1,1,0
BRDA:39,2,0,0
BRDA:39,2,1,0
BRDA:51,3,0,0
BRDA:51,3,1,0
BRDA:64,4,0,0
BRDA:64,4,1,0
BRDA:75,5,0,0
BRDA:75,5,1,0
BRF:12
BRH:0
end_of_record
TN:
SF:src/budgets/budgets.controller.ts
FN:12,(anonymous_4)
FN:22,(anonymous_5)
FNF:2
FNH:0
FNDA:0,(anonymous_4)
FNDA:0,(anonymous_5)
DA:1,0
DA:2,0
DA:3,0
DA:11,0
DA:12,0
DA:22,0
DA:26,0
DA:27,0
DA:30,0
DA:31,0
LF:10
LH:0
BRDA:26,0,0,0
BRDA:26,0,1,0
BRF:2
BRH:0
end_of_record
TN:
SF:src/budgets/budgets.module.ts
FNF:0
FNH:0
DA:1,0
DA:2,0
DA:3,0
DA:4,0
DA:5,0
DA:6,0
DA:7,0
DA:15,0
LF:8
LH:0
BRF:0
BRH:0
end_of_record
TN:
SF:src/budgets/budgets.service.ts
FN:10,(anonymous_2)
FN:19,(anonymous_3)
FN:48,(anonymous_4)
FN:72,(anonymous_5)
FNF:4
FNH:0
FNDA:0,(anonymous_2)
FNDA:0,(anonymous_3)
FNDA:0,(anonymous_4)
FNDA:0,(anonymous_5)
DA:1,0
DA:2,0
DA:9,0
DA:10,0
DA:20,0
DA:21,0
DA:24,0
DA:25,0
DA:33,0
DA:34,0
DA:37,0
DA:49,0
DA:50,0
DA:53,0
DA:54,0
DA:60,0
DA:61,0
DA:64,0
DA:73,0
DA:74,0
DA:77,0
DA:78,0
LF:22
LH:0
BRDA:20,0,0,0
BRDA:20,0,1,0
BRDA:33,1,0,0
BRDA:33,1,1,0
BRDA:37,2,0,0
BRDA:37,2,1,0
BRDA:49,3,0,0
BRDA:49,3,1,0
BRDA:49,4,0,0
BRDA:49,4,1,0
BRDA:60,5,0,0
BRDA:60,5,1,0
BRDA:64,6,0,0
BRDA:64,6,1,0
BRDA:73,7,0,0
BRDA:73,7,1,0
BRDA:73,8,0,0
BRDA:73,8,1,0
BRF:18
BRH:0
end_of_record
TN:
SF:src/categories/categories.controller.ts
FN:21,(anonymous_4)
FN:24,(anonymous_5)
FN:29,(anonymous_6)
FN:34,(anonymous_7)
FN:39,(anonymous_8)
FN:48,(anonymous_9)
FNF:6
FNH:6
FNDA:7,(anonymous_4)
FNDA:2,(anonymous_5)
FNDA:1,(anonymous_6)
FNDA:1,(anonymous_7)
FNDA:1,(anonymous_8)
FNDA:1,(anonymous_9)
DA:1,1
DA:13,1
DA:14,1
DA:15,1
DA:16,1
DA:20,1
DA:21,7
DA:24,1
DA:25,2
DA:29,1
DA:30,1
DA:34,1
DA:35,1
DA:39,1
DA:44,1
DA:48,1
DA:49,1
LF:17
LH:17
BRF:0
BRH:0
end_of_record
TN:
SF:src/categories/categories.module.ts
FNF:0
FNH:0
DA:1,0
DA:2,0
DA:3,0
DA:4,0
DA:11,0
LF:5
LH:0
BRF:0
BRH:0
end_of_record
TN:
SF:src/categories/categories.service.ts
FN:19,(anonymous_2)
FN:23,(anonymous_3)
FN:42,(anonymous_4)
FN:67,(anonymous_5)
FN:99,(anonymous_6)
FN:157,(anonymous_7)
FN:225,(anonymous_8)
FNF:7
FNH:0
FNDA:0,(anonymous_2)
FNDA:0,(anonymous_3)
FNDA:0,(anonymous_4)
FNDA:0,(anonymous_5)
FNDA:0,(anonymous_6)
FNDA:0,(anonymous_7)
FNDA:0,(anonymous_8)
DA:1,1
DA:2,1
DA:5,1
DA:18,1
DA:20,0
DA:24,0
DA:25,0
DA:31,0
DA:32,0
DA:35,0
DA:41,0
DA:42,0
DA:43,0
DA:47,0
DA:49,0
DA:50,0
DA:57,0
DA:59,0
DA:68,0
DA:70,0
DA:81,0
DA:82,0
DA:89,0
DA:91,0
DA:100,0
DA:102,0
DA:103,0
DA:111,0
DA:112,0
DA:120,0
DA:131,0
DA:132,0
DA:139,0
DA:140,0
DA:147,0
DA:149,0
DA:158,0
DA:160,0
DA:162,0
DA:163,0
DA:171,0
DA:172,0
DA:180,0
DA:181,0
DA:189,0
DA:200,0
DA:201,0
DA:208,0
DA:209,0
DA:215,0
DA:217,0
DA:226,0
DA:228,0
DA:230,0
DA:231,0
DA:238,0
DA:244,0
DA:245,0
DA:252,0
DA:254,0
LF:60
LH:4
BRDA:31,0,0,0
BRDA:31,0,1,0
BRDA:41,1,0,0
BRDA:41,1,1,0
BRDA:41,2,0,0
BRDA:41,2,1,0
BRDA:49,3,0,0
BRDA:49,3,1,0
BRDA:57,4,0,0
BRDA:57,4,1,0
BRDA:81,5,0,0
BRDA:81,5,1,0
BRDA:102,6,0,0
BRDA:102,6,1,0
BRDA:111,7,0,0
BRDA:111,7,1,0
BRDA:131,8,0,0
BRDA:131,8,1,0
BRDA:162,9,0,0
BRDA:162,9,1,0
BRDA:171,10,0,0
BRDA:171,10,1,0
BRDA:180,11,0,0
BRDA:180,11,1,0
BRDA:200,12,0,0
BRDA:200,12,1,0
BRDA:230,13,0,0
BRDA:230,13,1,0
BRDA:244,14,0,0
BRDA:244,14,1,0
BRF:30
BRH:0
end_of_record
TN:
SF:src/categories/dto/create-category.dto.ts
FNF:0
FNH:0
DA:1,1
DA:3,1
DA:6,1
DA:10,1
DA:15,1
DA:19,1
LF:6
LH:6
BRF:0
BRH:0
end_of_record
TN:
SF:src/categories/dto/update-category.dto.ts
FNF:0
FNH:0
DA:1,1
DA:3,1
DA:7,1
DA:11,1
DA:16,1
DA:20,1
LF:6
LH:6
BRF:0
BRH:0
end_of_record
TN:
SF:src/core/core.module.ts
FNF:0
FNH:0
DA:1,0
DA:2,0
DA:3,0
DA:17,0
LF:4
LH:0
BRF:0
BRH:0
end_of_record
TN:
SF:src/core/filters/http-exception.filter.ts
FN:10,(anonymous_1)
FN:13,(anonymous_2)
FNF:2
FNH:0
FNDA:0,(anonymous_1)
FNDA:0,(anonymous_2)
DA:1,0
DA:10,0
DA:11,0
DA:14,0
DA:15,0
DA:17,0
DA:18,0
DA:19,0
DA:21,0
DA:22,0
DA:23,0
DA:25,0
DA:26,0
DA:27,0
DA:28,0
DA:29,0
DA:30,0
DA:32,0
DA:33,0
DA:34,0
DA:36,0
DA:39,0
DA:46,0
LF:23
LH:0
BRDA:21,0,0,0
BRDA:21,0,1,0
BRDA:25,1,0,0
BRDA:25,1,1,0
BRDA:27,2,0,0
BRDA:27,2,1,0
BRDA:29,3,0,0
BRDA:29,3,1,0
BRDA:30,4,0,0
BRDA:30,4,1,0
BRDA:32,5,0,0
BRDA:32,5,1,0
BRDA:34,6,0,0
BRDA:34,6,1,0
BRDA:42,7,0,0
BRDA:42,7,1,0
BRF:16
BRH:0
end_of_record
TN:
SF:src/core/guards/firebase-auth.guard.ts
FN:11,(anonymous_2)
FN:18,(anonymous_3)
FN:51,(anonymous_4)
FNF:3
FNH:1
FNDA:20,(anonymous_2)
FNDA:0,(anonymous_3)
FNDA:0,(anonymous_4)
DA:1,3
DA:2,3
DA:10,3
DA:19,0
DA:20,0
DA:22,0
DA:23,0
DA:26,0
DA:27,0
DA:30,0
DA:38,0
DA:40,0
DA:41,0
DA:52,0
DA:53,0
DA:54,0
DA:57,0
DA:58,0
DA:59,0
DA:62,0
LF:20
LH:3
BRDA:22,0,0,0
BRDA:22,0,1,0
BRDA:40,1,0,0
BRDA:40,1,1,0
BRDA:52,2,0,0
BRDA:52,2,1,0
BRDA:52,3,0,0
BRDA:52,3,1,0
BRDA:53,4,0,0
BRDA:53,4,1,0
BRDA:58,5,0,0
BRDA:58,5,1,0
BRDA:58,6,0,0
BRDA:58,6,1,0
BRF:14
BRH:0
end_of_record
TN:
SF:src/payment-methods/payment-methods.controller.ts
FN:19,(anonymous_4)
FN:22,(anonymous_5)
FN:27,(anonymous_6)
FN:32,(anonymous_7)
FN:37,(anonymous_8)
FN:45,(anonymous_9)
FNF:6
FNH:6
FNDA:6,(anonymous_4)
FNDA:1,(anonymous_5)
FNDA:1,(anonymous_6)
FNDA:1,(anonymous_7)
FNDA:1,(anonymous_8)
FNDA:1,(anonymous_9)
DA:1,1
DA:11,1
DA:12,1
DA:13,1
DA:14,1
DA:18,1
DA:19,6
DA:22,1
DA:23,1
DA:27,1
DA:28,1
DA:32,1
DA:33,1
DA:37,1
DA:41,1
DA:45,1
DA:46,1
LF:17
LH:17
BRF:0
BRH:0
end_of_record
TN:
SF:src/payment-methods/payment-methods.module.ts
FNF:0
FNH:0
DA:1,0
DA:2,0
DA:3,0
DA:4,0
DA:11,0
LF:5
LH:0
BRF:0
BRH:0
end_of_record
TN:
SF:src/payment-methods/payment-methods.service.ts
FN:18,(anonymous_2)
FN:22,(anonymous_3)
FN:46,(anonymous_4)
FN:71,(anonymous_5)
FN:107,(anonymous_6)
FN:142,(anonymous_7)
FNF:6
FNH:0
FNDA:0,(anonymous_2)
FNDA:0,(anonymous_3)
FNDA:0,(anonymous_4)
FNDA:0,(anonymous_5)
FNDA:0,(anonymous_6)
FNDA:0,(anonymous_7)
DA:1,1
DA:2,1
DA:5,1
DA:17,1
DA:19,0
DA:23,0
DA:24,0
DA:30,0
DA:31,0
DA:37,0
DA:39,0
DA:47,0
DA:48,0
DA:55,0
DA:56,0
DA:62,0
DA:64,0
DA:72,0
DA:73,0
DA:84,0
DA:85,0
DA:91,0
DA:92,0
DA:98,0
DA:100,0
DA:108,0
DA:109,0
DA:120,0
DA:121,0
DA:127,0
DA:128,0
DA:133,0
DA:135,0
DA:143,0
DA:144,0
DA:150,0
DA:151,0
DA:157,0
DA:159,0
LF:39
LH:4
BRDA:30,0,0,0
BRDA:30,0,1,0
BRDA:37,1,0,0
BRDA:37,1,1,0
BRDA:55,2,0,0
BRDA:55,2,1,0
BRDA:84,3,0,0
BRDA:84,3,1,0
BRDA:120,4,0,0
BRDA:120,4,1,0
BRDA:150,5,0,0
BRDA:150,5,1,0
BRF:12
BRH:0
end_of_record
TN:
SF:src/payment-methods/dto/create-payment-method.dto.ts
FNF:0
FNH:0
DA:1,1
DA:3,1
DA:6,1
DA:11,1
DA:16,1
LF:5
LH:5
BRF:0
BRH:0
end_of_record
TN:
SF:src/payment-methods/dto/update-payment-method.dto.ts
FNF:0
FNH:0
DA:1,1
DA:3,1
DA:7,1
DA:12,1
DA:17,1
LF:5
LH:5
BRF:0
BRH:0
end_of_record
TN:
SF:src/periods/periods.controller.ts
FN:12,(anonymous_4)
FN:23,(anonymous_5)
FN:42,(anonymous_6)
FN:60,(anonymous_7)
FN:75,(anonymous_8)
FN:90,(anonymous_9)
FN:108,(anonymous_10)
FN:123,(anonymous_11)
FN:138,(anonymous_12)
FNF:9
FNH:0
FNDA:0,(anonymous_4)
FNDA:0,(anonymous_5)
FNDA:0,(anonymous_6)
FNDA:0,(anonymous_7)
FNDA:0,(anonymous_8)
FNDA:0,(anonymous_9)
FNDA:0,(anonymous_10)
FNDA:0,(anonymous_11)
FNDA:0,(anonymous_12)
DA:1,0
DA:2,0
DA:3,0
DA:11,0
DA:12,0
DA:23,0
DA:28,0
DA:29,0
DA:31,0
DA:32,0
DA:42,0
DA:46,0
DA:47,0
DA:49,0
DA:50,0
DA:60,0
DA:64,0
DA:65,0
DA:75,0
DA:79,0
DA:80,0
DA:90,0
DA:94,0
DA:95,0
DA:97,0
DA:98,0
DA:108,0
DA:112,0
DA:113,0
DA:123,0
DA:127,0
DA:128,0
DA:138,0
DA:142,0
DA:143,0
LF:35
LH:0
BRDA:28,0,0,0
BRDA:28,0,1,0
BRDA:46,1,0,0
BRDA:46,1,1,0
BRDA:94,2,0,0
BRDA:94,2,1,0
BRF:6
BRH:0
end_of_record
TN:
SF:src/periods/periods.module.ts
FNF:0
FNH:0
DA:1,0
DA:2,0
DA:3,0
DA:4,0
DA:5,0
DA:6,0
DA:13,0
LF:7
LH:0
BRF:0
BRH:0
end_of_record
TN:
SF:src/periods/periods.service.ts
FN:27,(anonymous_2)
FN:41,(anonymous_3)
FN:75,(anonymous_4)
FN:102,(anonymous_5)
FN:127,(anonymous_6)
FN:156,(anonymous_7)
FN:178,(anonymous_8)
FN:200,(anonymous_9)
FN:212,(anonymous_10)
FN:294,(anonymous_11)
FN:295,(anonymous_12)
FN:306,(anonymous_13)
FN:323,(anonymous_14)
FN:387,(anonymous_15)
FNF:14
FNH:0
FNDA:0,(anonymous_2)
FNDA:0,(anonymous_3)
FNDA:0,(anonymous_4)
FNDA:0,(anonymous_5)
FNDA:0,(anonymous_6)
FNDA:0,(anonymous_7)
FNDA:0,(anonymous_8)
FNDA:0,(anonymous_9)
FNDA:0,(anonymous_10)
FNDA:0,(anonymous_11)
FNDA:0,(anonymous_12)
FNDA:0,(anonymous_13)
FNDA:0,(anonymous_14)
FNDA:0,(anonymous_15)
DA:1,0
DA:2,0
DA:3,0
DA:24,0
DA:25,0
DA:28,0
DA:29,0
DA:46,0
DA:53,0
DA:54,0
DA:57,0
DA:59,0
DA:60,0
DA:61,0
DA:64,0
DA:76,0
DA:83,0
DA:84,0
DA:85,0
DA:88,0
DA:89,0
DA:92,0
DA:103,0
DA:111,0
DA:112,0
DA:113,0
DA:116,0
DA:129,0
DA:138,0
DA:139,0
DA:140,0
DA:145,0
DA:146,0
DA:147,0
DA:148,0
DA:150,0
DA:153,0
DA:157,0
DA:159,0
DA:162,0
DA:174,0
DA:177,0
DA:178,0
DA:184,0
DA:188,0
DA:190,0
DA:192,0
DA:193,0
DA:197,0
DA:201,0
DA:208,0
DA:209,0
DA:213,0
DA:216,0
DA:219,0
DA:225,0
DA:226,0
DA:229,0
DA:230,0
DA:233,0
DA:238,0
DA:241,0
DA:246,0
DA:250,0
DA:256,0
DA:259,0
DA:266,0
DA:268,0
DA:269,0
DA:271,0
DA:272,0
DA:273,0
DA:274,0
DA:278,0
DA:281,0
DA:282,0
DA:283,0
DA:285,0
DA:294,0
DA:295,0
DA:296,0
DA:306,0
DA:307,0
DA:309,0
DA:310,0
DA:313,0
DA:314,0
DA:317,0
DA:321,0
DA:322,0
DA:323,0
DA:324,0
DA:333,0
DA:334,0
DA:339,0
DA:346,0
DA:350,0
DA:355,0
DA:356,0
DA:358,0
DA:359,0
DA:362,0
DA:363,0
DA:365,0
DA:369,0
DA:371,0
DA:388,0
DA:393,0
DA:394,0
LF:109
LH:0
BRDA:53,0,0,0
BRDA:53,0,1,0
BRDA:59,1,0,0
BRDA:59,1,1,0
BRDA:64,2,0,0
BRDA:64,2,1,0
BRDA:83,3,0,0
BRDA:83,3,1,0
BRDA:83,4,0,0
BRDA:83,4,1,0
BRDA:88,5,0,0
BRDA:88,5,1,0
BRDA:111,6,0,0
BRDA:111,6,1,0
BRDA:111,7,0,0
BRDA:111,7,1,0
BRDA:116,8,0,0
BRDA:116,8,1,0
BRDA:138,9,0,0
BRDA:138,9,1,0
BRDA:138,10,0,0
BRDA:138,10,1,0
BRDA:145,11,0,0
BRDA:145,11,1,0
BRDA:145,12,0,0
BRDA:145,12,1,0
BRDA:167,13,0,0
BRDA:167,13,1,0
BRDA:168,14,0,0
BRDA:168,14,1,0
BRDA:168,14,2,0
BRDA:174,15,0,0
BRDA:174,15,1,0
BRDA:177,16,0,0
BRDA:177,16,1,0
BRDA:177,17,0,0
BRDA:177,17,1,0
BRDA:188,18,0,0
BRDA:188,18,1,0
BRDA:208,19,0,0
BRDA:208,19,1,0
BRDA:225,20,0,0
BRDA:225,20,1,0
BRDA:230,21,0,0
BRDA:230,21,1,0
BRDA:238,22,0,0
BRDA:238,22,1,0
BRDA:246,23,0,0
BRDA:246,23,1,0
BRDA:256,24,0,0
BRDA:256,24,1,0
BRDA:266,25,0,0
BRDA:266,25,1,0
BRDA:268,26,0,0
BRDA:268,26,1,0
BRDA:268,27,0,0
BRDA:268,27,1,0
BRDA:268,28,0,0
BRDA:268,28,1,0
BRDA:269,29,0,0
BRDA:269,29,1,0
BRDA:269,30,0,0
BRDA:269,30,1,0
BRDA:269,31,0,0
BRDA:269,31,1,0
BRDA:272,32,0,0
BRDA:272,32,1,0
BRDA:272,33,0,0
BRDA:272,33,1,0
BRDA:278,34,0,0
BRDA:278,34,1,0
BRDA:278,35,0,0
BRDA:278,35,1,0
BRDA:278,36,0,0
BRDA:278,36,1,0
BRDA:294,37,0,0
BRDA:294,37,1,0
BRDA:294,38,0,0
BRDA:294,38,1,0
BRDA:295,39,0,0
BRDA:295,39,1,0
BRDA:295,40,0,0
BRDA:295,40,1,0
BRDA:297,41,0,0
BRDA:297,41,1,0
BRDA:301,42,0,0
BRDA:301,42,1,0
BRDA:301,43,0,0
BRDA:301,43,1,0
BRDA:301,44,0,0
BRDA:301,44,1,0
BRDA:306,45,0,0
BRDA:306,45,1,0
BRDA:306,46,0,0
BRDA:306,46,1,0
BRDA:309,47,0,0
BRDA:309,47,1,0
BRDA:313,48,0,0
BRDA:313,48,1,0
BRDA:321,49,0,0
BRDA:321,49,1,0
BRDA:322,50,0,0
BRDA:322,50,1,0
BRDA:323,51,0,0
BRDA:323,51,1,0
BRDA:323,52,0,0
BRDA:323,52,1,0
BRDA:325,53,0,0
BRDA:325,53,1,0
BRDA:329,54,0,0
BRDA:329,54,1,0
BRDA:329,55,0,0
BRDA:329,55,1,0
BRDA:329,56,0,0
BRDA:329,56,1,0
BRDA:362,57,0,0
BRDA:362,57,1,0
BRDA:362,58,0,0
BRDA:362,58,1,0
BRDA:362,58,2,0
BRDA:393,59,0,0
BRDA:393,59,1,0
BRF:122
BRH:0
end_of_record
TN:
SF:src/shared/base.service.ts
FN:27,(anonymous_2)
FN:41,(anonymous_3)
FN:60,(anonymous_4)
FN:88,(anonymous_5)
FN:112,(anonymous_6)
FN:150,(anonymous_7)
FN:152,(anonymous_8)
FN:162,(anonymous_9)
FN:164,(anonymous_10)
FN:174,(anonymous_11)
FN:185,(anonymous_12)
FN:201,(anonymous_13)
FNF:12
FNH:0
FNDA:0,(anonymous_2)
FNDA:0,(anonymous_3)
FNDA:0,(anonymous_4)
FNDA:0,(anonymous_5)
FNDA:0,(anonymous_6)
FNDA:0,(anonymous_7)
FNDA:0,(anonymous_8)
FNDA:0,(anonymous_9)
FNDA:0,(anonymous_10)
FNDA:0,(anonymous_11)
FNDA:0,(anonymous_12)
FNDA:0,(anonymous_13)
DA:1,3
DA:2,3
DA:23,3
DA:28,0
DA:31,0
DA:32,0
DA:42,0
DA:43,0
DA:45,0
DA:52,0
DA:61,0
DA:62,0
DA:69,0
DA:70,0
DA:77,0
DA:89,0
DA:95,0
DA:96,0
DA:99,0
DA:100,0
DA:103,0
DA:113,0
DA:116,0
DA:118,0
DA:122,0
DA:125,0
DA:129,0
DA:133,0
DA:134,0
DA:137,0
DA:138,0
DA:141,0
DA:151,0
DA:152,0
DA:153,0
DA:163,0
DA:164,0
DA:165,0
DA:175,0
DA:176,0
DA:186,0
DA:193,0
DA:202,0
DA:203,0
LF:44
LH:3
BRDA:45,0,0,0
BRDA:45,0,1,0
BRDA:61,1,0,0
BRDA:61,1,1,0
BRDA:69,2,0,0
BRDA:69,2,1,0
BRDA:69,3,0,0
BRDA:69,3,1,0
BRDA:95,4,0,0
BRDA:95,4,1,0
BRDA:99,5,0,0
BRDA:99,5,1,0
BRDA:116,6,0,0
BRDA:116,6,1,0
BRDA:116,6,2,0
BRDA:116,6,3,0
BRDA:116,6,4,0
BRDA:116,6,5,0
BRDA:116,6,6,0
BRDA:133,7,0,0
BRDA:133,7,1,0
BRDA:137,8,0,0
BRDA:137,8,1,0
BRDA:175,9,0,0
BRDA:175,9,1,0
BRDA:202,10,0,0
BRDA:202,10,1,0
BRF:27
BRH:0
end_of_record
TN:
SF:src/shared/cache.service.ts
FN:14,(anonymous_1)
FN:25,(anonymous_2)
FN:49,(anonymous_3)
FN:73,(anonymous_4)
FN:81,(anonymous_5)
FN:93,(anonymous_6)
FN:113,(anonymous_7)
FN:121,(anonymous_8)
FN:130,(anonymous_9)
FNF:9
FNH:0
FNDA:0,(anonymous_1)
FNDA:0,(anonymous_2)
FNDA:0,(anonymous_3)
FNDA:0,(anonymous_4)
FNDA:0,(anonymous_5)
FNDA:0,(anonymous_6)
FNDA:0,(anonymous_7)
FNDA:0,(anonymous_8)
FNDA:0,(anonymous_9)
DA:1,0
DA:14,0
DA:15,0
DA:16,0
DA:17,0
DA:18,0
DA:26,0
DA:28,0
DA:29,0
DA:32,0
DA:33,0
DA:34,0
DA:35,0
DA:36,0
DA:39,0
DA:40,0
DA:51,0
DA:52,0
DA:53,0
DA:54,0
DA:55,0
DA:59,0
DA:65,0
DA:66,0
DA:74,0
DA:75,0
DA:82,0
DA:83,0
DA:98,0
DA:99,0
DA:100,0
DA:103,0
DA:104,0
DA:105,0
DA:114,0
DA:122,0
DA:124,0
DA:125,0
DA:126,0
DA:130,0
DA:131,0
DA:132,0
LF:42
LH:0
BRDA:28,0,0,0
BRDA:28,0,1,0
BRDA:33,1,0,0
BRDA:33,1,1,0
BRDA:51,2,0,0
BRDA:51,2,1,0
BRDA:53,3,0,0
BRDA:53,3,1,0
BRDA:62,4,0,0
BRDA:62,4,1,0
BRDA:99,5,0,0
BRDA:99,5,1,0
BRDA:125,6,0,0
BRDA:125,6,1,0
BRF:14
BRH:0
end_of_record
TN:
SF:src/shared/logger.service.ts
FN:14,(anonymous_1)
FNF:1
FNH:0
FNDA:0,(anonymous_1)
DA:1,0
DA:8,0
DA:15,0
LF:3
LH:0
BRF:0
BRH:0
end_of_record
TN:
SF:src/shared/shared.module.ts
FNF:0
FNH:0
DA:1,0
DA:2,0
DA:3,0
DA:13,0
LF:4
LH:0
BRF:0
BRH:0
end_of_record
TN:
SF:src/supabase/supabase.module.ts
FNF:0
FNH:0
DA:1,0
DA:2,0
DA:8,0
LF:3
LH:0
BRF:0
BRH:0
end_of_record
TN:
SF:src/supabase/supabase.service.ts
FN:9,(anonymous_2)
FN:11,(anonymous_3)
FN:27,(anonymous_4)
FNF:3
FNH:0
FNDA:0,(anonymous_2)
FNDA:0,(anonymous_3)
FNDA:0,(anonymous_4)
DA:1,3
DA:2,3
DA:3,3
DA:6,3
DA:7,0
DA:9,0
DA:12,0
DA:13,0
DA:17,0
DA:19,0
DA:20,0
DA:23,0
DA:25,0
DA:28,0
DA:30,0
DA:33,0
DA:34,0
DA:38,0
DA:40,0
LF:19
LH:4
BRDA:12,0,0,0
BRDA:12,0,1,0
BRDA:13,1,0,0
BRDA:13,1,1,0
BRDA:19,2,0,0
BRDA:19,2,1,0
BRDA:19,3,0,0
BRDA:19,3,1,0
BRDA:28,4,0,0
BRDA:28,4,1,0
BRDA:30,5,0,0
BRDA:30,5,1,0
BRDA:33,6,0,0
BRDA:33,6,1,0
BRDA:33,7,0,0
BRDA:33,7,1,0
BRDA:38,8,0,0
BRDA:38,8,1,0
BRF:18
BRH:0
end_of_record
TN:
SF:src/transactions/transactions.controller.ts
FN:31,(anonymous_4)
FN:40,(anonymous_5)
FN:52,(anonymous_6)
FN:74,(anonymous_7)
FN:89,(anonymous_8)
FN:103,(anonymous_9)
FN:113,(anonymous_10)
FN:122,(anonymous_11)
FNF:8
FNH:0
FNDA:0,(anonymous_4)
FNDA:0,(anonymous_5)
FNDA:0,(anonymous_6)
FNDA:0,(anonymous_7)
FNDA:0,(anonymous_8)
FNDA:0,(anonymous_9)
FNDA:0,(anonymous_10)
FNDA:0,(anonymous_11)
DA:1,0
DA:12,0
DA:13,0
DA:14,0
DA:15,0
DA:30,0
DA:31,0
DA:40,0
DA:41,0
DA:52,0
DA:57,0
DA:58,0
DA:60,0
DA:74,0
DA:77,0
DA:89,0
DA:93,0
DA:103,0
DA:104,0
DA:113,0
DA:114,0
DA:122,0
DA:123,0
LF:23
LH:0
BRDA:57,0,0,0
BRDA:57,0,1,0
BRDA:58,1,0,0
BRDA:58,1,1,0
BRF:4
BRH:0
end_of_record
TN:
SF:src/transactions/transactions.module.ts
FNF:0
FNH:0
DA:1,0
DA:2,0
DA:3,0
DA:4,0
DA:5,0
DA:18,0
LF:6
LH:0
BRF:0
BRH:0
end_of_record
TN:
SF:src/transactions/transactions.service.ts
FN:14,(anonymous_2)
FN:26,(anonymous_3)
FN:92,(anonymous_4)
FN:150,(anonymous_5)
FN:201,(anonymous_6)
FN:225,(anonymous_7)
FN:264,(anonymous_8)
FN:276,(anonymous_9)
FN:277,(anonymous_10)
FN:280,(anonymous_11)
FN:281,(anonymous_12)
FN:309,(anonymous_13)
FN:328,(anonymous_14)
FNF:13
FNH:0
FNDA:0,(anonymous_2)
FNDA:0,(anonymous_3)
FNDA:0,(anonymous_4)
FNDA:0,(anonymous_5)
FNDA:0,(anonymous_6)
FNDA:0,(anonymous_7)
FNDA:0,(anonymous_8)
FNDA:0,(anonymous_9)
FNDA:0,(anonymous_10)
FNDA:0,(anonymous_11)
FNDA:0,(anonymous_12)
FNDA:0,(anonymous_13)
FNDA:0,(anonymous_14)
DA:1,0
DA:2,0
DA:11,0
DA:15,0
DA:17,0
DA:28,0
DA:30,0
DA:37,0
DA:38,0
DA:58,0
DA:59,0
DA:64,0
DA:67,0
DA:74,0
DA:76,0
DA:81,0
DA:97,0
DA:99,0
DA:100,0
DA:102,0
DA:109,0
DA:110,0
DA:115,0
DA:118,0
DA:120,0
DA:133,0
DA:138,0
DA:152,0
DA:154,0
DA:156,0
DA:157,0
DA:164,0
DA:165,0
DA:170,0
DA:173,0
DA:174,0
DA:177,0
DA:182,0
DA:187,0
DA:192,0
DA:202,0
DA:203,0
DA:209,0
DA:211,0
DA:215,0
DA:226,0
DA:228,0
DA:229,0
DA:234,0
DA:235,0
DA:240,0
DA:243,0
DA:248,0
DA:250,0
DA:255,0
DA:265,0
DA:267,0
DA:268,0
DA:274,0
DA:275,0
DA:276,0
DA:277,0
DA:279,0
DA:280,0
DA:281,0
DA:283,0
DA:285,0
DA:295,0
DA:300,0
DA:310,0
DA:311,0
DA:314,0
DA:315,0
DA:318,0
DA:319,0
DA:330,0
DA:332,0
DA:333,0
DA:336,0
DA:337,0
LF:80
LH:0
BRDA:44,0,0,0
BRDA:44,0,1,0
BRDA:52,1,0,0
BRDA:52,1,1,0
BRDA:53,2,0,0
BRDA:53,2,1,0
BRDA:58,3,0,0
BRDA:58,3,1,0
BRDA:77,4,0,0
BRDA:77,4,1,0
BRDA:81,5,0,0
BRDA:81,5,1,0
BRDA:94,6,0,0
BRDA:95,7,0,0
BRDA:109,8,0,0
BRDA:109,8,1,0
BRDA:123,9,0,0
BRDA:123,9,1,0
BRDA:134,10,0,0
BRDA:134,10,1,0
BRDA:138,11,0,0
BRDA:138,11,1,0
BRDA:164,12,0,0
BRDA:164,12,1,0
BRDA:173,13,0,0
BRDA:173,13,1,0
BRDA:188,14,0,0
BRDA:188,14,1,0
BRDA:192,15,0,0
BRDA:192,15,1,0
BRDA:209,16,0,0
BRDA:209,16,1,0
BRDA:212,17,0,0
BRDA:212,17,1,0
BRDA:234,18,0,0
BRDA:234,18,1,0
BRDA:251,19,0,0
BRDA:251,19,1,0
BRDA:255,20,0,0
BRDA:255,20,1,0
BRDA:274,21,0,0
BRDA:274,21,1,0
BRDA:296,22,0,0
BRDA:296,22,1,0
BRDA:300,23,0,0
BRDA:300,23,1,0
BRDA:310,24,0,0
BRDA:310,24,1,0
BRDA:310,25,0,0
BRDA:310,25,1,0
BRDA:314,26,0,0
BRDA:314,26,1,0
BRDA:318,27,0,0
BRDA:318,27,1,0
BRDA:318,28,0,0
BRDA:318,28,1,0
BRDA:318,29,0,0
BRDA:318,29,1,0
BRDA:332,30,0,0
BRDA:332,30,1,0
BRDA:332,31,0,0
BRDA:332,31,1,0
BRDA:336,32,0,0
BRDA:336,32,1,0
BRF:64
BRH:0
end_of_record
TN:
SF:src/transactions/dtos/create-transaction.dto.ts
FN:52,(anonymous_2)
FNF:1
FNH:0
FNDA:0,(anonymous_2)
DA:1,0
DA:12,0
DA:18,0
DA:23,0
DA:29,0
DA:37,0
DA:46,0
DA:52,0
DA:53,0
DA:60,0
DA:68,0
DA:75,0
DA:82,0
DA:89,0
DA:96,0
DA:104,0
DA:111,0
LF:17
LH:0
BRF:0
BRH:0
end_of_record
TN:
SF:src/transactions/dtos/transaction-response.dto.ts
FNF:0
FNH:0
DA:5,0
DA:29,0
DA:41,0
DA:53,0
LF:4
LH:0
BRF:0
BRH:0
end_of_record
TN:
SF:src/transactions/dtos/update-transaction.dto.ts
FNF:0
FNH:0
DA:1,0
DA:7,0
DA:13,0
DA:20,0
DA:27,0
DA:34,0
DA:40,0
DA:47,0
DA:54,0
LF:9
LH:0
BRF:0
BRH:0
end_of_record
